SF:/Users/hakan/Proj/piranha.core/core/Piranha.ImageSharp/Extensions/ImageSharpExtensions.cs
FN:18,Piranha.PiranhaServiceBuilder ImageSharpExtensions::UseImageSharp(Piranha.PiranhaServiceBuilder,Microsoft.Extensions.DependencyInjection.ServiceLifetime)
FNDA:0,Piranha.PiranhaServiceBuilder ImageSharpExtensions::UseImageSharp(Piranha.PiranhaServiceBuilder,Microsoft.Extensions.DependencyInjection.ServiceLifetime)
DA:19,0
DA:20,0
DA:22,0
DA:23,0
FN:32,Microsoft.Extensions.DependencyInjection.IServiceCollection ImageSharpExtensions::AddPiranhaImageSharp(Microsoft.Extensions.DependencyInjection.IServiceCollection,Microsoft.Extensions.DependencyInjection.ServiceLifetime)
FNDA:0,Microsoft.Extensions.DependencyInjection.IServiceCollection ImageSharpExtensions::AddPiranhaImageSharp(Microsoft.Extensions.DependencyInjection.IServiceCollection,Microsoft.Extensions.DependencyInjection.ServiceLifetime)
DA:33,0
DA:34,0
DA:36,0
DA:37,0
LF:8
LH:0
BRF:0
BRH:0
FNF:2
FNH:0
end_of_record
SF:/Users/hakan/Proj/piranha.core/core/Piranha.ImageSharp/ImageSharpProcessor.cs
FN:25,System.Void Piranha.ImageSharp.ImageSharpProcessor::GetSize(System.IO.Stream,System.Int32&,System.Int32&)
FNDA:218,System.Void Piranha.ImageSharp.ImageSharpProcessor::GetSize(System.IO.Stream,System.Int32&,System.Int32&)
DA:26,218
DA:27,218
DA:28,218
DA:29,218
DA:31,218
DA:32,218
FN:40,System.Void Piranha.ImageSharp.ImageSharpProcessor::GetSize(System.Byte[],System.Int32&,System.Int32&)
FNDA:1,System.Void Piranha.ImageSharp.ImageSharpProcessor::GetSize(System.Byte[],System.Int32&,System.Int32&)
DA:41,1
DA:42,1
DA:43,1
DA:44,1
DA:45,1
FN:56,System.Void Piranha.ImageSharp.ImageSharpProcessor::Crop(System.IO.Stream,System.IO.Stream,System.Int32,System.Int32)
FNDA:1,System.Void Piranha.ImageSharp.ImageSharpProcessor::Crop(System.IO.Stream,System.IO.Stream,System.Int32,System.Int32)
DA:57,1
DA:58,1
DA:59,1
DA:60,2
DA:61,2
DA:62,2
DA:63,2
DA:64,2
DA:65,2
DA:66,2
DA:68,1
DA:69,1
DA:70,1
BRDA:60,71,0,0
BRDA:60,71,1,1
BRDA:60,131,0,0
BRDA:60,131,1,1
FN:80,System.Void Piranha.ImageSharp.ImageSharpProcessor::Scale(System.IO.Stream,System.IO.Stream,System.Int32)
FNDA:2,System.Void Piranha.ImageSharp.ImageSharpProcessor::Scale(System.IO.Stream,System.IO.Stream,System.Int32)
DA:81,2
DA:82,2
DA:83,2
DA:84,2
DA:86,4
DA:87,4
DA:88,4
DA:89,4
DA:90,4
DA:92,2
DA:93,2
DA:94,2
FN:105,System.Void Piranha.ImageSharp.ImageSharpProcessor::CropScale(System.IO.Stream,System.IO.Stream,System.Int32,System.Int32)
FNDA:2,System.Void Piranha.ImageSharp.ImageSharpProcessor::CropScale(System.IO.Stream,System.IO.Stream,System.Int32,System.Int32)
DA:106,2
DA:107,2
DA:108,2
DA:109,2
DA:110,2
DA:111,2
DA:112,2
DA:114,2
DA:115,1
DA:117,1
DA:118,1
DA:120,1
DA:122,1
DA:123,1
DA:125,4
DA:126,4
DA:127,4
DA:128,4
DA:129,4
DA:130,4
DA:131,4
DA:132,4
DA:133,4
DA:134,4
DA:135,4
DA:136,4
DA:138,2
DA:139,2
DA:140,2
BRDA:114,164,0,1
BRDA:114,164,1,1
BRDA:125,61,0,1
BRDA:125,61,1,1
BRDA:125,121,0,1
BRDA:125,121,1,1
FN:147,System.Void Piranha.ImageSharp.ImageSharpProcessor::AutoOrient(System.IO.Stream,System.IO.Stream)
FNDA:214,System.Void Piranha.ImageSharp.ImageSharpProcessor::AutoOrient(System.IO.Stream,System.IO.Stream)
DA:148,214
DA:149,214
DA:150,214
DA:151,428
DA:152,214
DA:154,214
DA:155,214
DA:156,214
LF:73
LH:73
BRF:10
BRH:8
FNF:6
FNH:6
end_of_record
SF:/Users/hakan/Proj/piranha.core/data/Piranha.Data.EF/Extensions/PiranhaEFExtensions.cs
FN:31,Piranha.PiranhaServiceBuilder PiranhaEFExtensions::UseEF(Piranha.PiranhaServiceBuilder,System.Action`1<Microsoft.EntityFrameworkCore.DbContextOptionsBuilder>,System.Int32,Microsoft.Extensions.DependencyInjection.ServiceLifetime)
FNDA:0,Piranha.PiranhaServiceBuilder PiranhaEFExtensions::UseEF(Piranha.PiranhaServiceBuilder,System.Action`1<Microsoft.EntityFrameworkCore.DbContextOptionsBuilder>,System.Int32,Microsoft.Extensions.DependencyInjection.ServiceLifetime)
DA:32,0
DA:33,0
DA:35,0
DA:36,0
FN:50,Microsoft.Extensions.DependencyInjection.IServiceCollection PiranhaEFExtensions::AddPiranhaEF(Microsoft.Extensions.DependencyInjection.IServiceCollection,System.Action`1<Microsoft.EntityFrameworkCore.DbContextOptionsBuilder>,System.Int32,Microsoft.Extensions.DependencyInjection.ServiceLifetime)
FNDA:1015,Microsoft.Extensions.DependencyInjection.IServiceCollection PiranhaEFExtensions::AddPiranhaEF(Microsoft.Extensions.DependencyInjection.IServiceCollection,System.Action`1<Microsoft.EntityFrameworkCore.DbContextOptionsBuilder>,System.Int32,Microsoft.Extensions.DependencyInjection.ServiceLifetime)
DA:51,1015
DA:52,1015
DA:54,1015
DA:55,1015
FN:66,Microsoft.Extensions.DependencyInjection.IServiceCollection PiranhaEFExtensions::RegisterServices(Microsoft.Extensions.DependencyInjection.IServiceCollection,Microsoft.Extensions.DependencyInjection.ServiceLifetime)
FNDA:1015,Microsoft.Extensions.DependencyInjection.IServiceCollection PiranhaEFExtensions::RegisterServices(Microsoft.Extensions.DependencyInjection.IServiceCollection,Microsoft.Extensions.DependencyInjection.ServiceLifetime)
DA:67,1015
DA:69,1015
DA:72,1015
DA:73,1015
DA:74,1015
DA:75,1015
DA:76,1015
DA:77,1015
DA:78,1015
DA:79,1015
DA:80,1015
DA:81,1015
DA:82,1015
DA:83,1015
DA:84,1015
DA:85,1015
DA:88,1015
DA:89,1015
DA:90,1015
DA:92,1015
DA:93,1015
LF:29
LH:25
BRF:0
BRH:0
FNF:3
FNH:2
end_of_record
SF:/Users/hakan/Proj/piranha.core/data/Piranha.Data.EF/Db.cs
FN:31,Microsoft.EntityFrameworkCore.DbSet`1<Piranha.Data.Alias> Piranha.Db`1::get_Aliases()
FNDA:8982,Microsoft.EntityFrameworkCore.DbSet`1<Piranha.Data.Alias> Piranha.Db`1::get_Aliases()
DA:32,8982
FN:36,Microsoft.EntityFrameworkCore.DbSet`1<Piranha.Data.Block> Piranha.Db`1::get_Blocks()
FNDA:14668,Microsoft.EntityFrameworkCore.DbSet`1<Piranha.Data.Block> Piranha.Db`1::get_Blocks()
DA:37,14668
FN:41,Microsoft.EntityFrameworkCore.DbSet`1<Piranha.Data.BlockField> Piranha.Db`1::get_BlockFields()
FNDA:9200,Microsoft.EntityFrameworkCore.DbSet`1<Piranha.Data.BlockField> Piranha.Db`1::get_BlockFields()
DA:42,9200
FN:46,Microsoft.EntityFrameworkCore.DbSet`1<Piranha.Data.Category> Piranha.Db`1::get_Categories()
FNDA:11364,Microsoft.EntityFrameworkCore.DbSet`1<Piranha.Data.Category> Piranha.Db`1::get_Categories()
DA:47,11364
FN:51,Microsoft.EntityFrameworkCore.DbSet`1<Piranha.Data.Content> Piranha.Db`1::get_Content()
FNDA:8273,Microsoft.EntityFrameworkCore.DbSet`1<Piranha.Data.Content> Piranha.Db`1::get_Content()
DA:52,8273
FN:56,Microsoft.EntityFrameworkCore.DbSet`1<Piranha.Data.ContentBlock> Piranha.Db`1::get_ContentBlocks()
FNDA:8012,Microsoft.EntityFrameworkCore.DbSet`1<Piranha.Data.ContentBlock> Piranha.Db`1::get_ContentBlocks()
DA:57,8012
FN:61,Microsoft.EntityFrameworkCore.DbSet`1<Piranha.Data.ContentBlockField> Piranha.Db`1::get_ContentBlockFields()
FNDA:8012,Microsoft.EntityFrameworkCore.DbSet`1<Piranha.Data.ContentBlockField> Piranha.Db`1::get_ContentBlockFields()
DA:62,8012
FN:66,Microsoft.EntityFrameworkCore.DbSet`1<Piranha.Data.ContentBlockFieldTranslation> Piranha.Db`1::get_ContentBlockFieldTranslations()
FNDA:8012,Microsoft.EntityFrameworkCore.DbSet`1<Piranha.Data.ContentBlockFieldTranslation> Piranha.Db`1::get_ContentBlockFieldTranslations()
DA:67,8012
FN:71,Microsoft.EntityFrameworkCore.DbSet`1<Piranha.Data.ContentField> Piranha.Db`1::get_ContentFields()
FNDA:8057,Microsoft.EntityFrameworkCore.DbSet`1<Piranha.Data.ContentField> Piranha.Db`1::get_ContentFields()
DA:72,8057
FN:76,Microsoft.EntityFrameworkCore.DbSet`1<Piranha.Data.ContentFieldTranslation> Piranha.Db`1::get_ContentFieldTranslations()
FNDA:8012,Microsoft.EntityFrameworkCore.DbSet`1<Piranha.Data.ContentFieldTranslation> Piranha.Db`1::get_ContentFieldTranslations()
DA:77,8012
FN:81,Microsoft.EntityFrameworkCore.DbSet`1<Piranha.Data.ContentTaxonomy> Piranha.Db`1::get_ContentTaxonomies()
FNDA:8012,Microsoft.EntityFrameworkCore.DbSet`1<Piranha.Data.ContentTaxonomy> Piranha.Db`1::get_ContentTaxonomies()
DA:82,8012
FN:86,Microsoft.EntityFrameworkCore.DbSet`1<Piranha.Data.ContentTranslation> Piranha.Db`1::get_ContentTranslations()
FNDA:8021,Microsoft.EntityFrameworkCore.DbSet`1<Piranha.Data.ContentTranslation> Piranha.Db`1::get_ContentTranslations()
DA:87,8021
FN:91,Microsoft.EntityFrameworkCore.DbSet`1<Piranha.Data.ContentGroup> Piranha.Db`1::get_ContentGroups()
FNDA:8129,Microsoft.EntityFrameworkCore.DbSet`1<Piranha.Data.ContentGroup> Piranha.Db`1::get_ContentGroups()
DA:92,8129
FN:96,Microsoft.EntityFrameworkCore.DbSet`1<Piranha.Data.ContentType> Piranha.Db`1::get_ContentTypes()
FNDA:8075,Microsoft.EntityFrameworkCore.DbSet`1<Piranha.Data.ContentType> Piranha.Db`1::get_ContentTypes()
DA:97,8075
FN:101,Microsoft.EntityFrameworkCore.DbSet`1<Piranha.Data.Language> Piranha.Db`1::get_Languages()
FNDA:8860,Microsoft.EntityFrameworkCore.DbSet`1<Piranha.Data.Language> Piranha.Db`1::get_Languages()
DA:102,8860
FN:106,Microsoft.EntityFrameworkCore.DbSet`1<Piranha.Data.Media> Piranha.Db`1::get_Media()
FNDA:15147,Microsoft.EntityFrameworkCore.DbSet`1<Piranha.Data.Media> Piranha.Db`1::get_Media()
DA:107,15147
FN:111,Microsoft.EntityFrameworkCore.DbSet`1<Piranha.Data.MediaFolder> Piranha.Db`1::get_MediaFolders()
FNDA:8297,Microsoft.EntityFrameworkCore.DbSet`1<Piranha.Data.MediaFolder> Piranha.Db`1::get_MediaFolders()
DA:112,8297
FN:116,Microsoft.EntityFrameworkCore.DbSet`1<Piranha.Data.MediaVersion> Piranha.Db`1::get_MediaVersions()
FNDA:8015,Microsoft.EntityFrameworkCore.DbSet`1<Piranha.Data.MediaVersion> Piranha.Db`1::get_MediaVersions()
DA:117,8015
FN:121,Microsoft.EntityFrameworkCore.DbSet`1<Piranha.Data.Page> Piranha.Db`1::get_Pages()
FNDA:32356,Microsoft.EntityFrameworkCore.DbSet`1<Piranha.Data.Page> Piranha.Db`1::get_Pages()
DA:122,32356
FN:126,Microsoft.EntityFrameworkCore.DbSet`1<Piranha.Data.PageBlock> Piranha.Db`1::get_PageBlocks()
FNDA:8355,Microsoft.EntityFrameworkCore.DbSet`1<Piranha.Data.PageBlock> Piranha.Db`1::get_PageBlocks()
DA:127,8355
FN:131,Microsoft.EntityFrameworkCore.DbSet`1<Piranha.Data.PageComment> Piranha.Db`1::get_PageComments()
FNDA:8185,Microsoft.EntityFrameworkCore.DbSet`1<Piranha.Data.PageComment> Piranha.Db`1::get_PageComments()
DA:132,8185
FN:136,Microsoft.EntityFrameworkCore.DbSet`1<Piranha.Data.PageField> Piranha.Db`1::get_PageFields()
FNDA:10640,Microsoft.EntityFrameworkCore.DbSet`1<Piranha.Data.PageField> Piranha.Db`1::get_PageFields()
DA:137,10640
FN:141,Microsoft.EntityFrameworkCore.DbSet`1<Piranha.Data.PagePermission> Piranha.Db`1::get_PagePermissions()
FNDA:8012,Microsoft.EntityFrameworkCore.DbSet`1<Piranha.Data.PagePermission> Piranha.Db`1::get_PagePermissions()
DA:142,8012
FN:146,Microsoft.EntityFrameworkCore.DbSet`1<Piranha.Data.PageRevision> Piranha.Db`1::get_PageRevisions()
FNDA:8093,Microsoft.EntityFrameworkCore.DbSet`1<Piranha.Data.PageRevision> Piranha.Db`1::get_PageRevisions()
DA:147,8093
FN:151,Microsoft.EntityFrameworkCore.DbSet`1<Piranha.Data.PageType> Piranha.Db`1::get_PageTypes()
FNDA:13026,Microsoft.EntityFrameworkCore.DbSet`1<Piranha.Data.PageType> Piranha.Db`1::get_PageTypes()
DA:152,13026
FN:156,Microsoft.EntityFrameworkCore.DbSet`1<Piranha.Data.Param> Piranha.Db`1::get_Params()
FNDA:16108,Microsoft.EntityFrameworkCore.DbSet`1<Piranha.Data.Param> Piranha.Db`1::get_Params()
DA:157,16108
FN:161,Microsoft.EntityFrameworkCore.DbSet`1<Piranha.Data.Post> Piranha.Db`1::get_Posts()
FNDA:15230,Microsoft.EntityFrameworkCore.DbSet`1<Piranha.Data.Post> Piranha.Db`1::get_Posts()
DA:162,15230
FN:166,Microsoft.EntityFrameworkCore.DbSet`1<Piranha.Data.PostBlock> Piranha.Db`1::get_PostBlocks()
FNDA:8271,Microsoft.EntityFrameworkCore.DbSet`1<Piranha.Data.PostBlock> Piranha.Db`1::get_PostBlocks()
DA:167,8271
FN:171,Microsoft.EntityFrameworkCore.DbSet`1<Piranha.Data.PostComment> Piranha.Db`1::get_PostComments()
FNDA:9095,Microsoft.EntityFrameworkCore.DbSet`1<Piranha.Data.PostComment> Piranha.Db`1::get_PostComments()
DA:172,9095
FN:176,Microsoft.EntityFrameworkCore.DbSet`1<Piranha.Data.PostField> Piranha.Db`1::get_PostFields()
FNDA:9284,Microsoft.EntityFrameworkCore.DbSet`1<Piranha.Data.PostField> Piranha.Db`1::get_PostFields()
DA:177,9284
FN:181,Microsoft.EntityFrameworkCore.DbSet`1<Piranha.Data.PostPermission> Piranha.Db`1::get_PostPermissions()
FNDA:8012,Microsoft.EntityFrameworkCore.DbSet`1<Piranha.Data.PostPermission> Piranha.Db`1::get_PostPermissions()
DA:182,8012
FN:186,Microsoft.EntityFrameworkCore.DbSet`1<Piranha.Data.PostRevision> Piranha.Db`1::get_PostRevisions()
FNDA:10961,Microsoft.EntityFrameworkCore.DbSet`1<Piranha.Data.PostRevision> Piranha.Db`1::get_PostRevisions()
DA:187,10961
FN:191,Microsoft.EntityFrameworkCore.DbSet`1<Piranha.Data.PostTag> Piranha.Db`1::get_PostTags()
FNDA:9473,Microsoft.EntityFrameworkCore.DbSet`1<Piranha.Data.PostTag> Piranha.Db`1::get_PostTags()
DA:192,9473
FN:196,Microsoft.EntityFrameworkCore.DbSet`1<Piranha.Data.PostType> Piranha.Db`1::get_PostTypes()
FNDA:10561,Microsoft.EntityFrameworkCore.DbSet`1<Piranha.Data.PostType> Piranha.Db`1::get_PostTypes()
DA:197,10561
FN:201,Microsoft.EntityFrameworkCore.DbSet`1<Piranha.Data.Site> Piranha.Db`1::get_Sites()
FNDA:30718,Microsoft.EntityFrameworkCore.DbSet`1<Piranha.Data.Site> Piranha.Db`1::get_Sites()
DA:202,30718
FN:206,Microsoft.EntityFrameworkCore.DbSet`1<Piranha.Data.SiteField> Piranha.Db`1::get_SiteFields()
FNDA:8204,Microsoft.EntityFrameworkCore.DbSet`1<Piranha.Data.SiteField> Piranha.Db`1::get_SiteFields()
DA:207,8204
FN:211,Microsoft.EntityFrameworkCore.DbSet`1<Piranha.Data.SiteType> Piranha.Db`1::get_SiteTypes()
FNDA:8861,Microsoft.EntityFrameworkCore.DbSet`1<Piranha.Data.SiteType> Piranha.Db`1::get_SiteTypes()
DA:212,8861
FN:216,Microsoft.EntityFrameworkCore.DbSet`1<Piranha.Data.Tag> Piranha.Db`1::get_Tags()
FNDA:10020,Microsoft.EntityFrameworkCore.DbSet`1<Piranha.Data.Tag> Piranha.Db`1::get_Tags()
DA:217,10020
FN:221,Microsoft.EntityFrameworkCore.DbSet`1<Piranha.Data.Taxonomy> Piranha.Db`1::get_Taxonomies()
FNDA:8012,Microsoft.EntityFrameworkCore.DbSet`1<Piranha.Data.Taxonomy> Piranha.Db`1::get_Taxonomies()
DA:222,8012
FN:251,System.Void Piranha.Db`1::OnModelCreating(Microsoft.EntityFrameworkCore.ModelBuilder)
FNDA:2,System.Void Piranha.Db`1::OnModelCreating(Microsoft.EntityFrameworkCore.ModelBuilder)
DA:252,2
DA:253,2
DA:254,2
DA:255,2
DA:256,2
DA:258,2
DA:259,2
DA:260,2
DA:262,2
DA:263,2
DA:264,2
DA:265,2
DA:267,2
DA:268,2
DA:269,2
DA:270,2
DA:272,2
DA:273,2
DA:274,2
DA:276,2
DA:277,2
DA:279,2
DA:280,2
DA:281,2
DA:282,2
DA:284,2
DA:285,2
DA:287,2
DA:288,2
DA:289,2
DA:290,2
DA:291,2
DA:293,2
DA:294,2
DA:296,2
DA:297,2
DA:298,2
DA:299,2
DA:301,2
DA:302,2
DA:303,2
DA:305,2
DA:306,2
DA:307,2
DA:309,2
DA:310,2
DA:311,2
DA:313,2
DA:314,2
DA:315,2
DA:317,2
DA:318,2
DA:319,2
DA:320,2
DA:321,2
DA:322,2
DA:324,2
DA:325,2
DA:326,2
DA:328,2
DA:329,2
DA:330,2
DA:332,2
DA:333,2
DA:334,2
DA:335,2
DA:336,2
DA:337,2
DA:338,2
DA:339,2
DA:340,2
DA:341,2
DA:342,2
DA:343,2
DA:344,2
DA:345,2
DA:346,2
DA:347,2
DA:348,2
DA:349,2
DA:351,2
DA:352,2
DA:354,2
DA:355,2
DA:356,2
DA:357,2
DA:358,2
DA:360,2
DA:361,2
DA:362,2
DA:363,2
DA:364,2
DA:366,2
DA:367,2
DA:369,2
DA:371,2
DA:372,2
DA:373,2
DA:375,2
DA:376,2
DA:377,2
DA:378,2
DA:380,2
DA:381,2
DA:382,2
DA:383,2
DA:384,2
DA:385,2
DA:386,2
DA:387,2
DA:388,2
DA:389,2
DA:390,2
DA:391,2
DA:392,2
DA:393,2
DA:394,2
DA:395,2
DA:396,2
DA:398,2
DA:399,2
DA:401,2
DA:402,2
DA:403,2
DA:404,2
DA:405,2
DA:407,2
DA:408,2
DA:409,2
DA:410,2
DA:411,2
DA:413,2
DA:414,2
DA:416,2
DA:418,2
DA:419,2
DA:420,2
DA:422,2
DA:423,2
DA:424,2
DA:426,2
DA:427,2
DA:428,2
DA:429,2
DA:430,2
DA:431,2
DA:432,2
DA:433,2
DA:434,2
DA:437,2
DA:438,2
DA:439,2
DA:440,2
DA:441,2
DA:443,2
DA:444,2
DA:445,2
DA:447,2
DA:448,2
DA:449,2
DA:450,2
DA:452,2
DA:453,2
DA:454,2
DA:455,2
DA:456,2
DA:457,2
FN:462,System.Void Piranha.Db`1::Seed()
FNDA:1,System.Void Piranha.Db`1::Seed()
DA:463,1
DA:464,1
DA:469,1
DA:470,1
DA:471,1
DA:472,1
DA:473,1
DA:474,1
DA:475,1
DA:476,1
DA:477,1
DA:478,1
DA:480,1
DA:481,1
DA:482,1
DA:483,1
DA:484,1
DA:485,1
DA:486,1
DA:487,1
DA:488,1
DA:489,1
DA:491,1
DA:492,1
DA:493,1
DA:494,1
DA:495,1
DA:496,1
DA:497,1
DA:498,1
DA:499,1
DA:500,1
DA:502,1
DA:503,1
DA:504,1
DA:505,1
DA:506,1
DA:507,1
DA:508,1
DA:509,1
DA:510,1
DA:511,1
DA:513,1
DA:514,1
DA:515,1
DA:516,1
DA:517,1
DA:518,1
DA:519,1
DA:520,1
DA:521,1
DA:522,1
DA:524,1
DA:525,1
DA:526,1
DA:527,1
DA:528,1
DA:529,1
DA:530,1
DA:531,1
DA:532,1
DA:537,1
DA:539,1
DA:540,0
DA:541,0
DA:542,0
DA:543,0
DA:544,0
DA:545,0
DA:546,0
DA:547,0
DA:548,0
DA:550,1
DA:551,1
DA:552,1
DA:557,1
DA:558,1
DA:559,1
DA:560,1
DA:561,1
DA:562,1
DA:563,1
DA:564,1
DA:565,1
DA:566,1
DA:567,1
DA:568,1
DA:569,1
DA:571,0
DA:574,0
DA:575,0
DA:576,0
DA:577,0
DA:578,0
DA:583,1
DA:584,1
DA:585,1
DA:586,3
DA:587,0
DA:589,1
DA:590,1
DA:591,1
DA:592,1
DA:593,1
DA:594,1
DA:595,1
DA:596,3
DA:597,0
DA:598,0
DA:599,0
DA:600,0
DA:601,0
DA:602,1
DA:603,1
DA:604,1
DA:605,1
DA:606,1
DA:607,1
DA:608,1
DA:609,3
DA:610,0
DA:611,0
DA:612,0
DA:613,0
DA:614,0
DA:616,1
DA:617,1
BRDA:470,115,0,1
BRDA:470,115,1,1
BRDA:481,300,0,1
BRDA:481,300,1,1
BRDA:492,485,0,1
BRDA:492,485,1,1
BRDA:503,670,0,1
BRDA:503,670,1,1
BRDA:514,855,0,1
BRDA:514,855,1,1
BRDA:525,1040,0,1
BRDA:525,1040,1,1
BRDA:539,1131,0,0
BRDA:539,1131,1,1
BRDA:557,1291,0,1
BRDA:557,1291,1,0
BRDA:574,1564,1,0
BRDA:574,1564,0,0
BRDA:586,1720,1,0
BRDA:586,1720,0,1
BRDA:592,1851,0,1
BRDA:592,1851,1,1
BRDA:596,2146,1,0
BRDA:596,2146,0,1
BRDA:605,2277,0,1
BRDA:605,2277,1,1
BRDA:609,2572,1,0
BRDA:609,2572,0,1
FN:227,System.Void Piranha.Db`1::.ctor(Microsoft.EntityFrameworkCore.DbContextOptions`1<T>)
FNDA:8012,System.Void Piranha.Db`1::.ctor(Microsoft.EntityFrameworkCore.DbContextOptions`1<T>)
DA:228,8012
DA:229,8012
DA:230,8012
DA:231,1
DA:232,1
DA:233,1
DA:234,1
DA:235,1
DA:237,1
DA:239,1
DA:241,1
DA:242,1
DA:243,1
DA:244,1
DA:245,8012
BRDA:230,21,0,1
BRDA:234,54,0,1
BRDA:234,54,1,1
BRDA:230,21,1,8012
FN:21,System.Void Piranha.Db`1::.cctor()
FNDA:1,System.Void Piranha.Db`1::.cctor()
DA:22,1
DA:27,1
LF:350
LH:324
BRF:32
BRH:25
FNF:43
FNH:43
end_of_record
SF:/Users/hakan/Proj/piranha.core/data/Piranha.Data.EF/Services/ContentService.cs
FN:168,TContent Piranha.Services.ContentService`3::Transform(T,Piranha.Models.ContentTypeBase,TContent,System.Nullable`1<System.Guid>)
FNDA:2601,TContent Piranha.Services.ContentService`3::Transform(T,Piranha.Models.ContentTypeBase,TContent,System.Nullable`1<System.Guid>)
DA:169,2601
DA:170,2601
DA:175,2601
DA:176,2601
DA:177,2601
DA:178,2601
DA:180,0
DA:181,0
DA:182,0
DA:183,2601
DA:188,2601
DA:193,2601
DA:194,60
DA:195,60
DA:196,60
DA:201,2601
DA:202,735
DA:203,735
DA:204,0
DA:205,0
DA:206,0
DA:207,0
DA:208,0
DA:209,0
DA:210,0
DA:211,0
DA:213,0
DA:214,0
DA:215,0
DA:216,0
DA:217,735
DA:222,6423
DA:224,15447
DA:225,3822
DA:227,3822
DA:228,3822
DA:229,10698
DA:231,3822
DA:232,3333
DA:233,3333
DA:234,3333
DA:236,489
DA:237,489
DA:238,489
DA:239,3237
DA:240,885
DA:241,885
DA:243,885
DA:244,885
DA:245,885
DA:248,489
DA:249,1392
DA:250,489
DA:252,1479
DA:253,6
DA:254,6
DA:255,6
DA:256,489
DA:257,3822
DA:258,3822
DA:259,2601
DA:260,2601
BRDA:170,7,0,2601
BRDA:170,7,1,0
BRDA:175,43,0,2601
BRDA:175,43,1,0
BRDA:193,162,0,60
BRDA:193,162,1,2541
BRDA:193,178,0,60
BRDA:193,178,1,2601
BRDA:201,233,0,735
BRDA:203,258,0,0
BRDA:205,278,0,0
BRDA:207,292,0,0
BRDA:207,292,1,0
BRDA:205,278,1,0
BRDA:203,258,1,735
BRDA:201,233,1,2601
BRDA:222,363,0,15
BRDA:222,363,1,2601
BRDA:224,827,1,3822
BRDA:227,449,0,3822
BRDA:231,495,0,3333
BRDA:231,495,1,489
BRDA:239,682,1,885
BRDA:243,657,0,885
BRDA:243,657,1,885
BRDA:239,682,0,489
BRDA:252,793,1,6
BRDA:252,793,0,489
BRDA:227,449,1,3822
BRDA:224,827,0,2601
BRDA:249,27,0,891
BRDA:249,27,1,501
FN:263,System.Collections.Generic.IList`1<Piranha.Extend.Block> Piranha.Services.ContentService`3::TransformBlocks(System.Collections.Generic.IEnumerable`1<Piranha.Data.Block>)
FNDA:469,System.Collections.Generic.IList`1<Piranha.Extend.Block> Piranha.Services.ContentService`3::TransformBlocks(System.Collections.Generic.IEnumerable`1<Piranha.Data.Block>)
DA:264,469
DA:265,469
DA:267,3245
DA:268,919
DA:269,919
DA:271,919
DA:272,919
DA:273,919
DA:274,919
DA:275,919
DA:277,8275
DA:278,2759
DA:279,2759
DA:280,921
DA:281,1842
DA:283,921
DA:284,919
DA:285,919
DA:286,919
DA:288,919
DA:289,919
DA:291,2
DA:292,2
DA:293,2
DA:294,921
DA:295,2759
DA:297,919
DA:298,0
DA:299,0
DA:301,0
DA:302,0
DA:303,0
DA:304,0
DA:306,0
DA:307,0
DA:309,0
DA:311,919
DA:312,919
DA:313,919
DA:314,919
DA:315,919
DA:316,469
DA:317,469
BRDA:267,517,1,919
BRDA:271,69,0,919
BRDA:277,372,1,2759
BRDA:279,210,0,921
BRDA:283,256,0,919
BRDA:283,256,1,2
BRDA:279,210,1,2759
BRDA:277,372,0,919
BRDA:297,401,0,0
BRDA:301,426,0,0
BRDA:301,426,1,0
BRDA:301,457,0,0
BRDA:301,457,1,0
BRDA:297,401,1,919
BRDA:271,69,1,919
BRDA:267,517,0,469
FN:320,System.Collections.Generic.IList`1<Piranha.Extend.Block> Piranha.Services.ContentService`3::TransformBlocks(System.Collections.Generic.IEnumerable`1<Piranha.Data.ContentBlock>,System.Nullable`1<System.Guid>)
FNDA:45,System.Collections.Generic.IList`1<Piranha.Extend.Block> Piranha.Services.ContentService`3::TransformBlocks(System.Collections.Generic.IEnumerable`1<Piranha.Data.ContentBlock>,System.Nullable`1<System.Guid>)
DA:321,45
DA:322,45
DA:324,135
DA:325,0
DA:326,0
DA:328,0
DA:329,0
DA:330,0
DA:331,0
DA:332,0
DA:334,0
DA:335,0
DA:336,0
DA:337,0
DA:338,0
DA:340,0
DA:341,0
DA:342,0
DA:343,0
DA:345,0
DA:346,0
DA:347,0
DA:348,0
DA:349,0
DA:351,0
DA:352,0
DA:353,0
DA:355,0
DA:356,0
DA:357,0
DA:358,0
DA:360,0
DA:361,0
DA:363,0
DA:365,0
DA:366,0
DA:367,0
DA:368,0
DA:369,0
DA:370,45
DA:371,45
BRDA:324,476,1,0
BRDA:328,69,0,0
BRDA:334,331,1,0
BRDA:336,210,0,0
BRDA:340,253,0,0
BRDA:340,253,1,0
BRDA:336,210,1,0
BRDA:334,331,0,0
BRDA:351,360,0,0
BRDA:355,385,0,0
BRDA:355,385,1,0
BRDA:355,416,0,0
BRDA:355,416,1,0
BRDA:351,360,1,0
BRDA:328,69,1,0
BRDA:324,476,0,45
FN:374,System.Collections.Generic.IList`1<Piranha.Data.Block> Piranha.Services.ContentService`3::TransformBlocks(System.Collections.Generic.IList`1<Piranha.Extend.Block>)
FNDA:2443,System.Collections.Generic.IList`1<Piranha.Data.Block> Piranha.Services.ContentService`3::TransformBlocks(System.Collections.Generic.IList`1<Piranha.Extend.Block>)
DA:375,2443
DA:376,2443
DA:378,2443
DA:379,2443
DA:380,6106
DA:381,610
DA:382,610
DA:384,610
DA:385,610
DA:386,610
DA:387,610
DA:388,610
DA:389,610
DA:390,610
DA:391,610
DA:392,610
DA:394,5494
DA:395,1832
DA:396,1832
DA:397,612
DA:399,612
DA:400,612
DA:401,612
DA:402,612
DA:403,612
DA:404,612
DA:405,612
DA:406,612
DA:407,612
DA:408,612
DA:409,612
DA:410,1832
DA:411,610
DA:413,610
DA:414,0
DA:415,0
DA:417,0
DA:418,0
DA:419,0
DA:420,0
DA:421,0
DA:422,0
DA:423,0
DA:424,0
DA:425,0
DA:426,610
DA:427,610
DA:428,2443
DA:429,2443
DA:430,2443
BRDA:378,13,0,2443
BRDA:380,567,1,610
BRDA:384,63,0,610
BRDA:386,97,0,589
BRDA:386,97,1,21
BRDA:394,380,1,1832
BRDA:396,241,0,612
BRDA:396,241,1,1832
BRDA:394,380,0,610
BRDA:413,425,0,0
BRDA:417,467,0,0
BRDA:419,520,1,0
BRDA:419,520,0,0
BRDA:417,467,1,0
BRDA:413,425,1,610
BRDA:384,63,1,610
BRDA:380,567,0,2443
BRDA:378,13,1,2443
FN:433,System.Collections.Generic.IList`1<Piranha.Data.ContentBlock> Piranha.Services.ContentService`3::TransformContentBlocks(System.Collections.Generic.IList`1<Piranha.Extend.Block>,System.Guid)
FNDA:0,System.Collections.Generic.IList`1<Piranha.Data.ContentBlock> Piranha.Services.ContentService`3::TransformContentBlocks(System.Collections.Generic.IList`1<Piranha.Extend.Block>,System.Guid)
DA:434,0
DA:435,0
DA:437,0
DA:438,0
DA:439,0
DA:440,0
DA:441,0
DA:443,0
DA:444,0
DA:446,0
DA:447,0
DA:448,0
DA:449,0
DA:451,0
DA:452,0
DA:453,0
DA:454,0
DA:455,0
DA:457,0
DA:458,0
DA:459,0
DA:460,0
DA:461,0
DA:464,0
DA:465,0
DA:466,0
DA:467,0
DA:468,0
DA:469,0
DA:470,0
DA:471,0
DA:474,0
DA:475,0
DA:476,0
DA:477,0
DA:478,0
DA:479,0
DA:480,0
DA:481,0
DA:482,0
DA:483,0
DA:485,0
DA:486,0
DA:487,0
DA:488,0
DA:489,0
DA:490,0
DA:491,0
DA:493,0
DA:494,0
DA:495,0
DA:497,0
DA:498,0
DA:499,0
DA:500,0
DA:501,0
DA:502,0
DA:503,0
DA:504,0
DA:505,0
DA:506,0
DA:507,0
DA:508,0
DA:509,0
DA:510,0
BRDA:437,13,0,0
BRDA:439,656,1,0
BRDA:443,63,0,0
BRDA:446,95,0,0
BRDA:446,95,1,0
BRDA:457,468,1,0
BRDA:459,234,0,0
BRDA:474,344,0,0
BRDA:474,344,1,0
BRDA:459,234,1,0
BRDA:457,468,0,0
BRDA:493,513,0,0
BRDA:497,556,0,0
BRDA:499,609,1,0
BRDA:499,609,0,0
BRDA:497,556,1,0
BRDA:493,513,1,0
BRDA:443,63,1,0
BRDA:439,656,0,0
BRDA:437,13,1,0
FN:519,System.Collections.IEnumerable Piranha.Services.ContentService`3::GetEnumerable(T,System.String)
FNDA:489,System.Collections.IEnumerable Piranha.Services.ContentService`3::GetEnumerable(T,System.String)
DA:520,489
DA:521,489
DA:523,489
DA:524,12
DA:525,12
DA:526,12
DA:528,477
DA:529,477
DA:530,477
DA:531,489
DA:532,489
DA:533,0
DA:534,489
BRDA:523,21,0,12
BRDA:525,29,1,1
BRDA:525,29,0,12
BRDA:523,21,1,477
BRDA:531,153,0,489
BRDA:531,153,1,0
FN:543,System.Object Piranha.Services.ContentService`3::GetRegion(T,System.String)
FNDA:3333,System.Object Piranha.Services.ContentService`3::GetRegion(T,System.String)
DA:544,3333
DA:545,3333
DA:546,6
DA:547,6
DA:550,3327
DA:551,3327
DA:553,3333
BRDA:545,19,0,6
BRDA:547,27,1,1
BRDA:547,27,0,6
BRDA:545,19,1,3327
FN:562,System.Boolean Piranha.Services.ContentService`3::HasRegion(T,System.String)
FNDA:3822,System.Boolean Piranha.Services.ContentService`3::HasRegion(T,System.String)
DA:563,3822
DA:564,3822
DA:565,18
DA:566,18
DA:569,3804
DA:570,3804
DA:572,3822
BRDA:564,19,0,18
BRDA:566,27,1,2
BRDA:566,27,0,18
BRDA:564,19,1,3804
FN:583,System.Collections.Generic.IList`1<System.Guid> Piranha.Services.ContentService`3::MapRegion(TContent,System.Object,Piranha.Models.ContentTypeRegion,System.String,System.Int32,System.Nullable`1<System.Guid>)
FNDA:4218,System.Collections.Generic.IList`1<System.Guid> Piranha.Services.ContentService`3::MapRegion(TContent,System.Object,Piranha.Models.ContentTypeRegion,System.String,System.Int32,System.Nullable`1<System.Guid>)
DA:584,4218
DA:585,4218
DA:588,16872
DA:589,4218
DA:590,4218
DA:591,4218
DA:592,4218
DA:593,4218
DA:595,4218
DA:596,4218
DA:597,4218
DA:598,4218
DA:599,4218
DA:601,4218
DA:602,4218
DA:604,0
DA:606,0
DA:607,0
DA:609,4218
DA:610,4218
DA:614,4218
DA:615,0
DA:618,4218
DA:619,6570
DA:622,4218
DA:623,4137
DA:624,4137
DA:625,4137
DA:626,4137
DA:627,4137
DA:629,4137
DA:630,4137
DA:633,4218
DA:634,4218
DA:637,4218
DA:638,60
DA:640,60
DA:641,60
DA:643,4158
DA:645,4158
DA:646,4158
DA:647,4218
DA:648,4218
DA:649,4218
DA:650,4218
DA:651,4218
DA:652,4218
BRDA:588,576,1,4218
BRDA:592,100,0,4218
BRDA:592,100,1,4218
BRDA:595,134,0,4218
BRDA:598,161,0,4218
BRDA:598,161,1,0
BRDA:609,201,0,4218
BRDA:614,230,0,0
BRDA:614,230,1,4218
BRDA:622,287,0,4137
BRDA:622,287,1,4218
BRDA:637,434,0,3927
BRDA:637,452,0,60
BRDA:637,434,1,4158
BRDA:637,452,1,4158
BRDA:637,468,0,60
BRDA:637,468,1,4158
BRDA:609,201,1,4218
BRDA:595,134,1,4218
BRDA:588,576,0,4218
BRDA:619,27,0,978
BRDA:619,56,0,978
BRDA:619,27,1,1374
BRDA:619,56,1,1374
FN:662,System.Void Piranha.Services.ContentService`3::SetSimpleValue(T,System.String,TField,System.Nullable`1<System.Guid>)
FNDA:4387,System.Void Piranha.Services.ContentService`3::SetSimpleValue(T,System.String,TField,System.Nullable`1<System.Guid>)
DA:663,4387
DA:664,4387
DA:665,4035
DA:666,4035
DA:667,4035
DA:668,4035
DA:670,352
DA:671,352
DA:673,352
DA:674,352
DA:675,352
DA:676,352
DA:677,352
DA:678,4387
BRDA:664,19,0,4035
BRDA:666,27,1,4
BRDA:666,27,0,4035
BRDA:664,19,1,352
BRDA:673,146,0,352
BRDA:673,146,1,352
FN:688,System.Void Piranha.Services.ContentService`3::AddSimpleValue(T,System.String,TField,System.Nullable`1<System.Guid>)
FNDA:1176,System.Void Piranha.Services.ContentService`3::AddSimpleValue(T,System.String,TField,System.Nullable`1<System.Guid>)
DA:689,1176
DA:690,1176
DA:691,1074
DA:692,1074
DA:693,1074
DA:694,1074
DA:696,102
DA:697,102
DA:699,102
DA:700,102
DA:701,102
DA:702,102
DA:703,102
DA:704,1176
BRDA:690,19,0,1074
BRDA:692,27,1,2
BRDA:692,27,0,1074
BRDA:690,19,1,102
BRDA:699,156,0,102
BRDA:699,156,1,102
FN:716,System.Void Piranha.Services.ContentService`3::SetComplexValue(T,System.String,System.String,TField,System.Nullable`1<System.Guid>)
FNDA:0,System.Void Piranha.Services.ContentService`3::SetComplexValue(T,System.String,System.String,TField,System.Nullable`1<System.Guid>)
DA:717,0
DA:718,0
DA:719,0
DA:720,0
DA:721,0
DA:722,0
DA:724,0
DA:725,0
DA:727,0
DA:728,0
DA:729,0
DA:730,0
DA:731,0
DA:732,0
DA:734,0
DA:735,0
DA:736,0
DA:737,0
DA:738,0
DA:739,0
DA:740,0
DA:741,0
BRDA:718,19,0,0
BRDA:720,27,1,0
BRDA:720,27,0,0
BRDA:718,19,1,0
BRDA:727,158,0,0
BRDA:730,184,0,0
BRDA:734,219,0,0
BRDA:734,219,1,0
BRDA:730,184,1,0
BRDA:727,158,1,0
FN:801,System.Object Piranha.Services.ContentService`3::DeserializeValue(TField,System.Nullable`1<System.Guid>)
FNDA:5563,System.Object Piranha.Services.ContentService`3::DeserializeValue(TField,System.Nullable`1<System.Guid>)
DA:802,5563
DA:803,5563
DA:805,5563
DA:806,5563
DA:807,5563
DA:808,51
DA:809,51
DA:811,5512
DA:813,0
DA:814,5563
BRDA:805,29,0,5563
BRDA:807,53,0,5185
BRDA:807,68,0,51
BRDA:807,53,1,5512
BRDA:807,68,1,5512
BRDA:807,82,0,51
BRDA:807,82,1,5512
BRDA:805,29,1,0
FN:822,System.Object Piranha.Services.ContentService`3::DeserializeValue(Piranha.Data.BlockFieldBase,System.Nullable`1<System.Guid>)
FNDA:0,System.Object Piranha.Services.ContentService`3::DeserializeValue(Piranha.Data.BlockFieldBase,System.Nullable`1<System.Guid>)
DA:823,0
DA:824,0
DA:826,0
DA:827,0
DA:828,0
DA:829,0
DA:830,0
DA:832,0
DA:834,0
DA:835,0
BRDA:826,24,0,0
BRDA:828,48,0,0
BRDA:828,58,0,0
BRDA:828,48,1,0
BRDA:828,58,1,0
BRDA:828,72,0,0
BRDA:828,72,1,0
BRDA:826,24,1,0
FN:843,System.Object Piranha.Services.ContentService`3::GetComplexValue(System.Object,System.String)
FNDA:0,System.Object Piranha.Services.ContentService`3::GetComplexValue(System.Object,System.String)
DA:844,0
DA:845,0
DA:846,0
DA:847,0
DA:850,0
DA:851,0
DA:853,0
DA:854,0
DA:855,0
DA:857,0
DA:859,0
BRDA:845,12,0,0
BRDA:845,12,1,0
BRDA:853,58,0,0
BRDA:853,58,1,0
FN:34,System.Void Piranha.Services.ContentService`3::.ctor(Piranha.Services.IContentFactory,AutoMapper.IMapper)
FNDA:32074,System.Void Piranha.Services.ContentService`3::.ctor(Piranha.Services.IContentFactory,AutoMapper.IMapper)
DA:35,32074
DA:36,32074
DA:37,32074
DA:38,32074
DA:39,32074
FN:104,System.String Piranha.Services.ContentService`3/<>c__3`1::<TransformAsync>b__3_0(Piranha.Models.ContentTypeRegion)
FNDA:8838,System.String Piranha.Services.ContentService`3/<>c__3`1::<TransformAsync>b__3_0(Piranha.Models.ContentTypeRegion)
DA:105,8838
FN:109,System.Int32 Piranha.Services.ContentService`3/<>c__3`1::<TransformAsync>b__3_3(TField)
FNDA:20873,System.Int32 Piranha.Services.ContentService`3/<>c__3`1::<TransformAsync>b__3_3(TField)
DA:110,20873
FN:133,System.Int32 Piranha.Services.ContentService`3/<>c__3`1::<TransformAsync>b__3_6(TField)
FNDA:3618,System.Int32 Piranha.Services.ContentService`3/<>c__3`1::<TransformAsync>b__3_6(TField)
DA:134,3618
FN:108,System.Boolean Piranha.Services.ContentService`3/<>c__DisplayClass3_0`1::<TransformAsync>b__1(Piranha.Models.ContentTypeRegion)
FNDA:15480,System.Boolean Piranha.Services.ContentService`3/<>c__DisplayClass3_0`1::<TransformAsync>b__1(Piranha.Models.ContentTypeRegion)
DA:109,15480
FN:115,System.Boolean Piranha.Services.ContentService`3/<>c__DisplayClass3_2`1::<TransformAsync>b__4(TField)
FNDA:9198,System.Boolean Piranha.Services.ContentService`3/<>c__DisplayClass3_2`1::<TransformAsync>b__4(TField)
DA:116,9198
BRDA:116,27,0,4387
BRDA:116,27,1,0
FN:140,System.Boolean Piranha.Services.ContentService`3/<>c__DisplayClass3_3`1::<TransformAsync>b__8(TField)
FNDA:4680,System.Boolean Piranha.Services.ContentService`3/<>c__DisplayClass3_3`1::<TransformAsync>b__8(TField)
DA:141,4680
BRDA:141,43,0,3504
BRDA:141,43,1,0
FN:146,System.Boolean Piranha.Services.ContentService`3/<>c__DisplayClass3_3`1::<TransformAsync>b__7(TField)
FNDA:0,System.Boolean Piranha.Services.ContentService`3/<>c__DisplayClass3_3`1::<TransformAsync>b__7(TField)
DA:147,0
FN:753,System.Void Piranha.Services.ContentService`3/<AddComplexValueAsync>d__16`1::MoveNext()
FNDA:0,System.Void Piranha.Services.ContentService`3/<AddComplexValueAsync>d__16`1::MoveNext()
DA:754,0
DA:755,0
DA:756,0
DA:757,0
DA:758,0
DA:759,0
DA:760,0
DA:762,0
DA:763,0
DA:764,0
DA:765,0
DA:766,0
DA:767,0
DA:768,0
DA:769,0
DA:770,0
DA:771,0
DA:773,0
DA:774,0
DA:776,0
DA:777,0
DA:778,0
DA:779,0
DA:781,0
DA:782,0
DA:783,0
DA:784,0
DA:785,0
DA:786,0
DA:787,0
DA:788,0
DA:789,0
DA:790,0
DA:791,0
DA:792,0
DA:793,0
BRDA:755,34,0,0
BRDA:757,73,0,0
BRDA:759,85,1,0
BRDA:759,85,0,0
BRDA:762,480,1,0
BRDA:764,396,0,0
BRDA:764,396,1,0
BRDA:762,480,0,0
BRDA:757,73,1,0
BRDA:776,612,0,0
BRDA:781,859,1,0
BRDA:784,783,0,0
BRDA:784,783,1,0
BRDA:781,859,0,0
BRDA:776,612,1,0
BRDA:755,34,1,0
FN:43,System.Void Piranha.Services.ContentService`3/<TransformAsync>d__3`1::MoveNext()
FNDA:5987,System.Void Piranha.Services.ContentService`3/<TransformAsync>d__3`1::MoveNext()
DA:44,5987
DA:45,5987
DA:46,51
DA:48,51
DA:49,51
DA:51,5987
DA:52,5987
DA:56,5987
DA:57,5987
DA:58,319
DA:59,319
DA:61,319
DA:62,66
DA:63,66
DA:65,253
DA:70,5921
DA:75,5921
DA:80,5921
DA:81,5852
DA:83,5852
DA:84,0
DA:85,5852
DA:90,5921
DA:91,51
DA:92,51
DA:94,51
DA:95,51
DA:96,51
DA:97,51
DA:98,51
DA:103,5921
DA:104,3376
DA:107,21052
DA:108,5462
DA:112,5462
DA:113,4811
DA:114,19668
DA:115,4811
DA:118,4811
DA:119,4387
DA:120,4387
DA:121,4387
DA:122,4387
DA:123,4387
DA:126,0
DA:127,0
DA:128,0
DA:129,0
DA:130,424
DA:131,4811
DA:133,651
DA:135,651
DA:137,1827
DA:138,1176
DA:139,1176
DA:140,1176
DA:142,1176
DA:143,1176
DA:144,1176
DA:146,0
DA:148,0
DA:149,0
DA:150,1176
DA:151,1176
DA:152,651
DA:153,5462
DA:154,3376
DA:156,5921
DA:157,5903
DA:158,5903
DA:159,5903
DA:161,5921
DA:163,0
DA:164,5987
BRDA:45,76,0,51
BRDA:45,76,1,5987
BRDA:51,109,0,5987
BRDA:57,152,0,2864
BRDA:57,152,1,3123
BRDA:57,185,0,319
BRDA:61,231,0,163
BRDA:61,231,1,156
BRDA:61,264,0,66
BRDA:61,264,1,253
BRDA:57,185,1,5921
BRDA:80,500,0,5852
BRDA:83,519,0,5505
BRDA:83,519,1,347
BRDA:83,547,0,0
BRDA:83,547,1,5852
BRDA:80,500,1,5921
BRDA:90,611,0,51
BRDA:90,611,1,5870
BRDA:90,631,0,51
BRDA:94,675,0,51
BRDA:94,675,1,51
BRDA:90,631,1,5921
BRDA:103,742,0,3376
BRDA:105,766,0,15
BRDA:105,766,1,3376
BRDA:107,1988,1,5462
BRDA:110,967,0,15
BRDA:110,967,1,5462
BRDA:112,1030,0,4811
BRDA:114,1326,1,4811
BRDA:118,1155,0,4387
BRDA:120,1189,0,4387
BRDA:120,1189,1,0
BRDA:118,1155,1,424
BRDA:114,1326,0,4811
BRDA:112,1030,1,651
BRDA:134,1445,0,6
BRDA:134,1445,1,651
BRDA:137,1925,1,1176
BRDA:139,1544,0,1176
BRDA:141,1569,0,396
BRDA:141,1569,1,1176
BRDA:142,1633,0,1176
BRDA:142,1633,1,1176
BRDA:139,1544,1,0
BRDA:137,1925,0,651
BRDA:107,1988,0,3376
BRDA:103,742,1,5921
BRDA:156,2021,0,5903
BRDA:156,2021,1,5921
BRDA:51,109,1,0
LF:538
LH:307
BRF:254
BRH:154
FNF:25
FNH:19
end_of_record
SF:/Users/hakan/Proj/piranha.core/data/Piranha.Data.EF/Services/ContentServiceFactory.cs
FN:34,Piranha.Services.IContentService`3<TContent,TField,TModelBase> Piranha.Services.ContentServiceFactory::Create(AutoMapper.IMapper)
FNDA:0,Piranha.Services.IContentService`3<TContent,TField,TModelBase> Piranha.Services.ContentServiceFactory::Create(AutoMapper.IMapper)
DA:35,0
DA:36,0
DA:37,0
FN:40,Piranha.Services.IContentService`3<Piranha.Data.Content,Piranha.Data.ContentField,Piranha.Models.GenericContent> Piranha.Services.ContentServiceFactory::CreateContentService()
FNDA:8012,Piranha.Services.IContentService`3<Piranha.Data.Content,Piranha.Data.ContentField,Piranha.Models.GenericContent> Piranha.Services.ContentServiceFactory::CreateContentService()
DA:41,8012
DA:42,8012
DA:43,8012
FN:46,Piranha.Services.IContentService`3<Piranha.Data.Page,Piranha.Data.PageField,Piranha.Models.PageBase> Piranha.Services.ContentServiceFactory::CreatePageService()
FNDA:8012,Piranha.Services.IContentService`3<Piranha.Data.Page,Piranha.Data.PageField,Piranha.Models.PageBase> Piranha.Services.ContentServiceFactory::CreatePageService()
DA:47,8012
DA:48,8012
DA:49,8012
FN:52,Piranha.Services.IContentService`3<Piranha.Data.Post,Piranha.Data.PostField,Piranha.Models.PostBase> Piranha.Services.ContentServiceFactory::CreatePostService()
FNDA:8012,Piranha.Services.IContentService`3<Piranha.Data.Post,Piranha.Data.PostField,Piranha.Models.PostBase> Piranha.Services.ContentServiceFactory::CreatePostService()
DA:53,8012
DA:54,8012
DA:55,8012
FN:58,Piranha.Services.IContentService`3<Piranha.Data.Site,Piranha.Data.SiteField,Piranha.Models.SiteContentBase> Piranha.Services.ContentServiceFactory::CreateSiteService()
FNDA:8012,Piranha.Services.IContentService`3<Piranha.Data.Site,Piranha.Data.SiteField,Piranha.Models.SiteContentBase> Piranha.Services.ContentServiceFactory::CreateSiteService()
DA:59,8012
DA:60,8012
DA:61,8012
FN:24,System.Void Piranha.Services.ContentServiceFactory::.ctor(Piranha.Services.IContentFactory)
FNDA:2664,System.Void Piranha.Services.ContentServiceFactory::.ctor(Piranha.Services.IContentFactory)
DA:25,2664
DA:26,2664
DA:27,2664
DA:28,2664
LF:19
LH:16
BRF:0
BRH:0
FNF:6
FNH:5
end_of_record
SF:/Users/hakan/Proj/piranha.core/data/Piranha.Data.EF/Repositories/AliasRepository.cs
FN:60,System.Threading.Tasks.Task`1<Piranha.Models.Alias> Piranha.Repositories.AliasRepository::GetById(System.Guid)
FNDA:13,System.Threading.Tasks.Task`1<Piranha.Models.Alias> Piranha.Repositories.AliasRepository::GetById(System.Guid)
DA:61,13
DA:62,13
DA:63,13
DA:64,13
DA:65,13
DA:66,13
DA:67,13
DA:68,13
DA:69,13
DA:70,13
DA:71,13
DA:72,13
DA:73,13
DA:74,13
DA:75,13
DA:76,13
FN:84,System.Threading.Tasks.Task`1<Piranha.Models.Alias> Piranha.Repositories.AliasRepository::GetByAliasUrl(System.String,System.Guid)
FNDA:193,System.Threading.Tasks.Task`1<Piranha.Models.Alias> Piranha.Repositories.AliasRepository::GetByAliasUrl(System.String,System.Guid)
DA:85,193
DA:86,193
DA:87,193
DA:88,193
DA:89,193
DA:90,193
DA:91,193
DA:92,193
DA:93,193
DA:94,193
DA:95,193
DA:96,193
DA:97,193
DA:98,193
DA:99,193
DA:100,193
FN:23,System.Void Piranha.Repositories.AliasRepository::.ctor(Piranha.IDb)
FNDA:8012,System.Void Piranha.Repositories.AliasRepository::.ctor(Piranha.IDb)
DA:24,8012
DA:25,8012
DA:26,8012
DA:27,8012
FN:160,System.Void Piranha.Repositories.AliasRepository/<Delete>d__7::MoveNext()
FNDA:174,System.Void Piranha.Repositories.AliasRepository/<Delete>d__7::MoveNext()
DA:161,174
DA:162,174
DA:163,174
DA:164,174
DA:166,174
DA:167,174
DA:168,174
DA:169,174
DA:170,174
DA:171,174
BRDA:166,339,0,174
BRDA:166,339,1,174
FN:34,System.Void Piranha.Repositories.AliasRepository/<GetAll>d__2::MoveNext()
FNDA:59,System.Void Piranha.Repositories.AliasRepository/<GetAll>d__2::MoveNext()
DA:35,59
DA:36,59
DA:37,59
DA:38,59
DA:39,59
DA:40,59
DA:41,59
DA:42,59
DA:43,59
DA:44,59
DA:45,59
DA:46,59
DA:47,59
DA:48,59
DA:49,59
DA:50,59
DA:51,59
DA:52,59
DA:53,59
FN:108,System.Void Piranha.Repositories.AliasRepository/<GetByRedirectUrl>d__5::MoveNext()
FNDA:6,System.Void Piranha.Repositories.AliasRepository/<GetByRedirectUrl>d__5::MoveNext()
DA:109,6
DA:110,6
DA:111,6
DA:112,6
DA:113,6
DA:114,6
DA:115,6
DA:116,6
DA:117,6
DA:118,6
DA:119,6
DA:120,6
DA:121,6
DA:122,6
DA:123,6
DA:124,6
DA:125,6
FN:132,System.Void Piranha.Repositories.AliasRepository/<Save>d__6::MoveNext()
FNDA:177,System.Void Piranha.Repositories.AliasRepository/<Save>d__6::MoveNext()
DA:133,177
DA:134,177
DA:135,177
DA:136,177
DA:138,177
DA:139,174
DA:140,174
DA:141,174
DA:142,174
DA:143,174
DA:144,174
DA:145,174
DA:146,174
DA:147,177
DA:148,177
DA:149,177
DA:150,177
DA:151,177
DA:153,177
DA:154,177
BRDA:138,373,0,174
BRDA:140,412,0,0
BRDA:140,412,1,174
BRDA:138,373,1,177
LF:102
LH:102
BRF:6
BRH:5
FNF:7
FNH:7
end_of_record
SF:/Users/hakan/Proj/piranha.core/data/Piranha.Data.EF/Repositories/ArchiveRepository.cs
FN:31,System.Threading.Tasks.Task`1<System.Int32> Piranha.Repositories.ArchiveRepository::GetPostCount(System.Guid,System.Nullable`1<System.Guid>,System.Nullable`1<System.Guid>,System.Nullable`1<System.Int32>,System.Nullable`1<System.Int32>)
FNDA:0,System.Threading.Tasks.Task`1<System.Int32> Piranha.Repositories.ArchiveRepository::GetPostCount(System.Guid,System.Nullable`1<System.Guid>,System.Nullable`1<System.Guid>,System.Nullable`1<System.Int32>,System.Nullable`1<System.Int32>)
DA:32,0
DA:33,0
DA:34,0
DA:35,0
FN:48,System.Linq.IQueryable`1<Piranha.Data.Post> Piranha.Repositories.ArchiveRepository::GetQuery(System.Guid,System.Nullable`1<System.Guid>,System.Nullable`1<System.Guid>,System.Nullable`1<System.Int32>,System.Nullable`1<System.Int32>)
FNDA:0,System.Linq.IQueryable`1<Piranha.Data.Post> Piranha.Repositories.ArchiveRepository::GetQuery(System.Guid,System.Nullable`1<System.Guid>,System.Nullable`1<System.Guid>,System.Nullable`1<System.Int32>,System.Nullable`1<System.Int32>)
DA:49,0
DA:51,0
DA:52,0
DA:53,0
DA:55,0
DA:56,0
DA:57,0
DA:58,0
DA:59,0
DA:60,0
DA:61,0
DA:62,0
DA:64,0
DA:65,0
DA:69,0
DA:70,0
DA:71,0
DA:72,0
DA:73,0
DA:75,0
DA:76,0
DA:77,0
DA:78,0
DA:79,0
DA:80,0
DA:81,0
DA:82,0
BRDA:55,276,0,0
BRDA:55,276,1,0
BRDA:59,439,0,0
BRDA:59,439,1,0
BRDA:64,691,0,0
BRDA:69,715,0,0
BRDA:69,715,1,0
BRDA:64,691,1,0
FN:25,System.Void Piranha.Repositories.ArchiveRepository::.ctor(Piranha.IDb)
FNDA:8012,System.Void Piranha.Repositories.ArchiveRepository::.ctor(Piranha.IDb)
DA:26,8012
DA:27,8012
DA:28,8012
DA:29,8012
FN:37,System.Void Piranha.Repositories.ArchiveRepository/<GetPosts>d__3::MoveNext()
FNDA:0,System.Void Piranha.Repositories.ArchiveRepository/<GetPosts>d__3::MoveNext()
DA:38,0
DA:39,0
DA:40,0
DA:41,0
DA:42,0
DA:43,0
DA:44,0
DA:45,0
DA:46,0
LF:44
LH:4
BRF:8
BRH:0
FNF:4
FNH:1
end_of_record
SF:/Users/hakan/Proj/piranha.core/data/Piranha.Data.EF/Repositories/ContentGroupRepository.cs
FN:24,System.Void Piranha.Repositories.ContentGroupRepository::.ctor(Piranha.IDb)
FNDA:8012,System.Void Piranha.Repositories.ContentGroupRepository::.ctor(Piranha.IDb)
DA:25,8012
DA:26,8012
DA:27,8012
DA:28,8012
FN:98,System.Void Piranha.Repositories.ContentGroupRepository/<DeleteAsync>d__5::MoveNext()
FNDA:20,System.Void Piranha.Repositories.ContentGroupRepository/<DeleteAsync>d__5::MoveNext()
DA:99,20
DA:100,20
DA:101,20
DA:102,20
DA:104,20
DA:105,20
DA:106,20
DA:107,20
DA:108,20
DA:109,20
BRDA:104,323,0,20
BRDA:104,323,1,20
FN:34,System.Void Piranha.Repositories.ContentGroupRepository/<GetAllAsync>d__2::MoveNext()
FNDA:32,System.Void Piranha.Repositories.ContentGroupRepository/<GetAllAsync>d__2::MoveNext()
DA:35,32
DA:36,32
DA:37,32
DA:38,32
DA:39,32
DA:40,32
DA:41,32
DA:43,138
DA:44,21
DA:45,21
DA:46,21
DA:47,32
DA:48,32
BRDA:43,337,1,21
BRDA:43,337,0,32
FN:55,System.Void Piranha.Repositories.ContentGroupRepository/<GetByIdAsync>d__3::MoveNext()
FNDA:4,System.Void Piranha.Repositories.ContentGroupRepository/<GetByIdAsync>d__3::MoveNext()
DA:56,4
DA:57,4
DA:58,4
DA:59,4
DA:60,4
DA:62,4
DA:63,4
DA:64,4
DA:66,0
DA:67,4
BRDA:62,318,0,4
BRDA:62,318,1,0
FN:74,System.Void Piranha.Repositories.ContentGroupRepository/<SaveAsync>d__4::MoveNext()
FNDA:21,System.Void Piranha.Repositories.ContentGroupRepository/<SaveAsync>d__4::MoveNext()
DA:75,21
DA:76,21
DA:77,21
DA:78,21
DA:80,41
DA:81,20
DA:82,20
DA:83,20
DA:84,20
DA:85,20
DA:86,20
DA:87,20
DA:88,21
DA:89,21
DA:91,21
DA:92,21
BRDA:80,357,0,20
BRDA:80,357,1,21
LF:53
LH:52
BRF:8
BRH:7
FNF:5
FNH:5
end_of_record
SF:/Users/hakan/Proj/piranha.core/data/Piranha.Data.EF/Repositories/ContentRepository.cs
FN:84,System.Threading.Tasks.Task`1<System.Collections.Generic.IEnumerable`1<Piranha.Models.Taxonomy>> Piranha.Repositories.ContentRepository::GetAllCategories(System.String)
FNDA:0,System.Threading.Tasks.Task`1<System.Collections.Generic.IEnumerable`1<Piranha.Models.Taxonomy>> Piranha.Repositories.ContentRepository::GetAllCategories(System.String)
DA:85,0
DA:86,0
DA:87,0
FN:94,System.Threading.Tasks.Task`1<System.Collections.Generic.IEnumerable`1<Piranha.Models.Taxonomy>> Piranha.Repositories.ContentRepository::GetAllTags(System.String)
FNDA:0,System.Threading.Tasks.Task`1<System.Collections.Generic.IEnumerable`1<Piranha.Models.Taxonomy>> Piranha.Repositories.ContentRepository::GetAllTags(System.String)
DA:95,0
DA:96,0
DA:97,0
FN:516,Piranha.Models.TranslationStatus Piranha.Repositories.ContentRepository::GetTranslationStatus(System.Guid,Piranha.Data.Language,System.Collections.Generic.IEnumerable`1<Piranha.Data.Language>,System.Collections.Generic.IEnumerable`1<Piranha.Data.ContentTranslation>)
FNDA:15,Piranha.Models.TranslationStatus Piranha.Repositories.ContentRepository::GetTranslationStatus(System.Guid,Piranha.Data.Language,System.Collections.Generic.IEnumerable`1<Piranha.Data.Language>,System.Collections.Generic.IEnumerable`1<Piranha.Data.ContentTranslation>)
DA:517,15
DA:518,15
DA:519,35
DA:521,15
DA:522,15
DA:524,15
DA:525,15
DA:526,15
DA:527,15
DA:528,15
DA:529,15
DA:530,15
DA:531,15
DA:532,15
DA:533,30
DA:534,15
DA:537,78
DA:538,6
DA:539,6
DA:540,6
DA:541,6
DA:542,6
DA:543,6
DA:544,6
DA:545,6
DA:548,15
DA:549,30
DA:550,15
DA:552,15
DA:557,0
DA:558,15
BRDA:521,40,0,15
BRDA:537,191,0,15
BRDA:537,191,1,15
BRDA:537,323,1,6
BRDA:539,280,0,6
BRDA:539,280,1,6
BRDA:537,323,0,15
BRDA:521,40,1,0
FN:564,System.Linq.IQueryable`1<Piranha.Data.Content> Piranha.Repositories.ContentRepository::GetQuery()
FNDA:51,System.Linq.IQueryable`1<Piranha.Data.Content> Piranha.Repositories.ContentRepository::GetQuery()
DA:565,51
DA:566,51
DA:567,51
DA:568,51
DA:569,51
DA:570,51
DA:571,51
DA:572,51
DA:573,51
DA:574,51
DA:575,51
FN:582,System.Threading.Tasks.Task Piranha.Repositories.ContentRepository::ProcessAsync(Piranha.Data.Content,T)
FNDA:51,System.Threading.Tasks.Task Piranha.Repositories.ContentRepository::ProcessAsync(Piranha.Data.Content,T)
DA:583,51
DA:584,102
DA:585,51
DA:586,51
DA:587,0
DA:588,0
DA:589,0
DA:590,0
DA:591,0
DA:592,0
DA:593,0
DA:594,0
DA:595,51
DA:596,51
DA:597,51
DA:598,45
DA:599,135
DA:600,0
DA:601,0
DA:602,0
DA:603,0
DA:604,0
DA:605,0
DA:606,0
DA:607,0
DA:608,45
DA:609,51
DA:610,51
DA:611,51
DA:612,45
DA:613,45
DA:614,45
DA:615,102
DA:616,51
BRDA:586,12,0,0
BRDA:586,12,1,51
BRDA:586,40,0,0
BRDA:586,40,1,51
BRDA:597,150,0,45
BRDA:599,269,1,0
BRDA:599,269,0,45
BRDA:597,150,1,51
BRDA:611,303,0,51
BRDA:611,303,1,0
BRDA:611,333,0,45
BRDA:613,365,0,1
BRDA:613,365,1,45
BRDA:611,333,1,51
FN:26,System.Void Piranha.Repositories.ContentRepository::.ctor(Piranha.IDb,Piranha.Services.IContentServiceFactory)
FNDA:8012,System.Void Piranha.Repositories.ContentRepository::.ctor(Piranha.IDb,Piranha.Services.IContentServiceFactory)
DA:27,8012
DA:28,8012
DA:29,8012
DA:30,8012
DA:31,8012
FN:112,System.Boolean Piranha.Repositories.ContentRepository/<>c::<GetTranslationStatusById>b__7_0(Piranha.Data.Language)
FNDA:12,System.Boolean Piranha.Repositories.ContentRepository/<>c::<GetTranslationStatusById>b__7_0(Piranha.Data.Language)
DA:113,12
FN:114,System.Boolean Piranha.Repositories.ContentRepository/<>c::<GetTranslationStatusById>b__7_1(Piranha.Data.Language)
FNDA:12,System.Boolean Piranha.Repositories.ContentRepository/<>c::<GetTranslationStatusById>b__7_1(Piranha.Data.Language)
DA:115,12
FN:144,System.Boolean Piranha.Repositories.ContentRepository/<>c::<GetTranslationStatusByGroup>b__8_0(Piranha.Data.Language)
FNDA:6,System.Boolean Piranha.Repositories.ContentRepository/<>c::<GetTranslationStatusByGroup>b__8_0(Piranha.Data.Language)
DA:145,6
FN:146,System.Boolean Piranha.Repositories.ContentRepository/<>c::<GetTranslationStatusByGroup>b__8_1(Piranha.Data.Language)
FNDA:6,System.Boolean Piranha.Repositories.ContentRepository/<>c::<GetTranslationStatusByGroup>b__8_1(Piranha.Data.Language)
DA:147,6
FN:156,System.Guid Piranha.Repositories.ContentRepository/<>c::<GetTranslationStatusByGroup>b__8_2(Piranha.Data.ContentTranslation)
FNDA:12,System.Guid Piranha.Repositories.ContentRepository/<>c::<GetTranslationStatusByGroup>b__8_2(Piranha.Data.ContentTranslation)
DA:157,12
FN:172,System.Boolean Piranha.Repositories.ContentRepository/<>c::<GetTranslationStatusByGroup>b__8_9(Piranha.Models.TranslationStatus/TranslationStatusItem)
FNDA:18,System.Boolean Piranha.Repositories.ContentRepository/<>c::<GetTranslationStatusByGroup>b__8_9(Piranha.Models.TranslationStatus/TranslationStatusItem)
DA:173,18
FN:181,System.Int32 Piranha.Repositories.ContentRepository/<>c::<GetTranslationStatusByGroup>b__8_3(Piranha.Models.TranslationStatus)
FNDA:12,System.Int32 Piranha.Repositories.ContentRepository/<>c::<GetTranslationStatusByGroup>b__8_3(Piranha.Models.TranslationStatus)
DA:182,12
FN:182,System.Int32 Piranha.Repositories.ContentRepository/<>c::<GetTranslationStatusByGroup>b__8_4(Piranha.Models.TranslationStatus)
FNDA:12,System.Int32 Piranha.Repositories.ContentRepository/<>c::<GetTranslationStatusByGroup>b__8_4(Piranha.Models.TranslationStatus)
DA:183,12
FN:375,System.Guid Piranha.Repositories.ContentRepository/<>c__9`1::<Save>b__9_18(Piranha.Data.ContentBlock)
FNDA:0,System.Guid Piranha.Repositories.ContentRepository/<>c__9`1::<Save>b__9_18(Piranha.Data.ContentBlock)
DA:376,0
FN:405,System.String Piranha.Repositories.ContentRepository/<>c__9`1::<Save>b__9_22(Piranha.Data.ContentBlockField)
FNDA:0,System.String Piranha.Repositories.ContentRepository/<>c__9`1::<Save>b__9_22(Piranha.Data.ContentBlockField)
DA:406,0
FN:167,System.Boolean Piranha.Repositories.ContentRepository/<>c__DisplayClass8_1::<GetTranslationStatusByGroup>b__8(Piranha.Data.ContentTranslation)
FNDA:67,System.Boolean Piranha.Repositories.ContentRepository/<>c__DisplayClass8_1::<GetTranslationStatusByGroup>b__8(Piranha.Data.ContentTranslation)
DA:168,67
FN:430,System.Boolean Piranha.Repositories.ContentRepository/<>c__DisplayClass9_10`1::<Save>b__25(Piranha.Data.ContentBlockFieldTranslation)
FNDA:0,System.Boolean Piranha.Repositories.ContentRepository/<>c__DisplayClass9_10`1::<Save>b__25(Piranha.Data.ContentBlockFieldTranslation)
DA:431,0
FN:341,System.Boolean Piranha.Repositories.ContentRepository/<>c__DisplayClass9_4`1::<Save>b__16(Piranha.Models.Taxonomy)
FNDA:0,System.Boolean Piranha.Repositories.ContentRepository/<>c__DisplayClass9_4`1::<Save>b__16(Piranha.Models.Taxonomy)
DA:342,0
FN:354,System.Boolean Piranha.Repositories.ContentRepository/<>c__DisplayClass9_5`1::<Save>b__17(Piranha.Data.ContentTaxonomy)
FNDA:0,System.Boolean Piranha.Repositories.ContentRepository/<>c__DisplayClass9_5`1::<Save>b__17(Piranha.Data.ContentTaxonomy)
DA:355,0
BRDA:355,27,0,0
BRDA:355,27,1,0
FN:379,System.Boolean Piranha.Repositories.ContentRepository/<>c__DisplayClass9_6`1::<Save>b__19(Piranha.Data.ContentBlock)
FNDA:0,System.Boolean Piranha.Repositories.ContentRepository/<>c__DisplayClass9_6`1::<Save>b__19(Piranha.Data.ContentBlock)
DA:380,0
BRDA:380,17,0,0
BRDA:380,17,1,0
FN:382,System.Boolean Piranha.Repositories.ContentRepository/<>c__DisplayClass9_6`1::<Save>b__20(Piranha.Data.ContentBlock)
FNDA:0,System.Boolean Piranha.Repositories.ContentRepository/<>c__DisplayClass9_6`1::<Save>b__20(Piranha.Data.ContentBlock)
DA:383,0
BRDA:383,17,0,0
BRDA:383,17,1,0
FN:391,System.Boolean Piranha.Repositories.ContentRepository/<>c__DisplayClass9_7`1::<Save>b__21(Piranha.Data.ContentBlock)
FNDA:0,System.Boolean Piranha.Repositories.ContentRepository/<>c__DisplayClass9_7`1::<Save>b__21(Piranha.Data.ContentBlock)
DA:392,0
FN:406,System.Boolean Piranha.Repositories.ContentRepository/<>c__DisplayClass9_8`1::<Save>b__23(Piranha.Data.ContentBlockField)
FNDA:0,System.Boolean Piranha.Repositories.ContentRepository/<>c__DisplayClass9_8`1::<Save>b__23(Piranha.Data.ContentBlockField)
DA:407,0
FN:412,System.Boolean Piranha.Repositories.ContentRepository/<>c__DisplayClass9_9`1::<Save>b__24(Piranha.Data.ContentBlockField)
FNDA:0,System.Boolean Piranha.Repositories.ContentRepository/<>c__DisplayClass9_9`1::<Save>b__24(Piranha.Data.ContentBlockField)
DA:413,0
FN:465,System.Void Piranha.Repositories.ContentRepository/<Delete>d__10::MoveNext()
FNDA:45,System.Void Piranha.Repositories.ContentRepository/<Delete>d__10::MoveNext()
DA:466,45
DA:467,45
DA:468,45
DA:469,45
DA:470,45
DA:471,45
DA:472,45
DA:474,45
DA:475,45
DA:476,45
DA:478,45
DA:486,45
DA:487,45
BRDA:474,540,0,45
BRDA:474,540,1,45
FN:39,System.Void Piranha.Repositories.ContentRepository/<GetAll>d__3::MoveNext()
FNDA:15,System.Void Piranha.Repositories.ContentRepository/<GetAll>d__3::MoveNext()
DA:40,15
DA:41,15
DA:42,15
DA:44,15
DA:45,0
DA:46,0
DA:47,0
DA:48,0
DA:50,15
DA:51,15
DA:52,15
DA:53,15
DA:54,15
DA:55,15
DA:56,15
BRDA:44,94,0,0
BRDA:44,94,1,15
FN:489,System.Void Piranha.Repositories.ContentRepository/<GetAllTaxonomies>d__11::MoveNext()
FNDA:0,System.Void Piranha.Repositories.ContentRepository/<GetAllTaxonomies>d__11::MoveNext()
DA:490,0
DA:491,0
DA:492,0
DA:493,0
DA:494,0
DA:495,0
DA:496,0
DA:497,0
DA:499,0
DA:500,0
DA:501,0
DA:502,0
DA:503,0
DA:504,0
DA:505,0
DA:506,0
DA:507,0
DA:508,0
DA:509,0
DA:510,0
BRDA:499,649,1,0
BRDA:501,612,0,0
BRDA:501,612,1,0
BRDA:499,649,0,0
FN:65,System.Void Piranha.Repositories.ContentRepository/<GetById>d__4`1::MoveNext()
FNDA:51,System.Void Piranha.Repositories.ContentRepository/<GetById>d__4`1::MoveNext()
DA:66,51
DA:67,51
DA:68,51
DA:69,51
DA:71,51
DA:72,51
DA:73,51
DA:74,51
DA:76,0
DA:77,51
BRDA:71,345,0,51
BRDA:71,345,1,0
FN:132,System.Void Piranha.Repositories.ContentRepository/<GetTranslationStatusByGroup>d__8::MoveNext()
FNDA:3,System.Void Piranha.Repositories.ContentRepository/<GetTranslationStatusByGroup>d__8::MoveNext()
DA:133,3
DA:134,3
DA:135,3
DA:136,3
DA:137,3
DA:139,3
DA:140,3
DA:141,3
DA:142,3
DA:144,3
DA:146,3
DA:148,3
DA:150,3
DA:151,3
DA:152,3
DA:153,3
DA:154,3
DA:156,3
DA:158,3
DA:159,3
DA:163,27
DA:164,9
DA:165,9
DA:166,9
DA:167,9
DA:170,9
DA:171,9
DA:174,9
DA:175,9
DA:177,9
DA:178,9
DA:179,9
DA:184,3
DA:186,3
DA:187,3
BRDA:163,1144,1,9
BRDA:170,965,0,9
BRDA:170,965,1,9
BRDA:163,1144,0,3
FN:105,System.Void Piranha.Repositories.ContentRepository/<GetTranslationStatusById>d__7::MoveNext()
FNDA:6,System.Void Piranha.Repositories.ContentRepository/<GetTranslationStatusById>d__7::MoveNext()
DA:106,6
DA:107,6
DA:108,6
DA:109,6
DA:110,6
DA:112,6
DA:114,6
DA:116,6
DA:118,6
DA:119,6
DA:120,6
DA:121,6
DA:123,6
DA:124,6
FN:194,System.Void Piranha.Repositories.ContentRepository/<Save>d__9`1::MoveNext()
FNDA:60,System.Void Piranha.Repositories.ContentRepository/<Save>d__9`1::MoveNext()
DA:195,60
DA:196,60
DA:197,60
DA:199,60
DA:200,60
DA:202,60
DA:203,0
DA:204,0
DA:205,0
DA:206,0
DA:207,0
DA:208,0
DA:210,0
DA:211,0
DA:212,0
DA:213,0
DA:214,0
DA:215,0
DA:216,0
DA:217,0
DA:218,0
DA:219,0
DA:220,0
DA:221,0
DA:222,0
DA:223,0
DA:225,0
DA:226,0
DA:227,0
DA:228,0
DA:229,0
DA:230,0
DA:231,0
DA:232,0
DA:233,0
DA:234,0
DA:235,0
DA:236,0
DA:237,0
DA:238,0
DA:239,0
DA:240,0
DA:241,0
DA:242,0
DA:243,0
DA:244,0
DA:247,60
DA:248,0
DA:249,0
DA:250,0
DA:251,0
DA:252,0
DA:253,0
DA:254,0
DA:255,0
DA:257,0
DA:258,0
DA:259,0
DA:260,0
DA:261,0
DA:262,0
DA:263,0
DA:264,0
DA:265,0
DA:266,0
DA:267,0
DA:268,0
DA:269,0
DA:270,0
DA:272,0
DA:273,0
DA:274,0
DA:275,0
DA:276,0
DA:277,0
DA:278,0
DA:279,0
DA:280,0
DA:281,0
DA:282,0
DA:283,0
DA:284,0
DA:285,0
DA:286,0
DA:287,0
DA:288,0
DA:289,0
DA:290,0
DA:291,0
DA:292,0
DA:294,60
DA:295,60
DA:296,60
DA:297,60
DA:298,60
DA:299,60
DA:300,60
DA:301,60
DA:302,60
DA:305,60
DA:306,45
DA:307,45
DA:308,45
DA:309,45
DA:310,45
DA:311,45
DA:312,45
DA:313,45
DA:315,45
DA:316,45
DA:318,15
DA:319,15
DA:320,15
DA:321,60
DA:324,300
DA:325,60
DA:327,60
DA:328,45
DA:329,45
DA:330,45
DA:331,45
DA:332,60
DA:334,60
DA:335,0
DA:336,0
DA:337,0
DA:339,0
DA:340,0
DA:341,0
DA:343,0
DA:344,0
DA:345,0
DA:346,0
DA:347,0
DA:348,0
DA:349,0
DA:350,0
DA:353,0
DA:354,0
DA:356,0
DA:357,0
DA:358,0
DA:359,0
DA:360,0
DA:361,0
DA:362,0
DA:363,0
DA:364,0
DA:365,0
DA:366,0
DA:369,60
DA:370,0
DA:371,0
DA:373,0
DA:374,0
DA:375,0
DA:379,0
DA:381,0
DA:382,0
DA:384,0
DA:386,0
DA:387,0
DA:390,0
DA:391,0
DA:394,0
DA:395,0
DA:396,0
DA:397,0
DA:398,0
DA:399,0
DA:400,0
DA:401,0
DA:402,0
DA:403,0
DA:404,0
DA:409,0
DA:411,0
DA:412,0
DA:414,0
DA:415,0
DA:416,0
DA:417,0
DA:418,0
DA:419,0
DA:420,0
DA:421,0
DA:422,0
DA:423,0
DA:424,0
DA:425,0
DA:426,0
DA:427,0
DA:429,0
DA:430,0
DA:432,0
DA:433,0
DA:434,0
DA:435,0
DA:436,0
DA:437,0
DA:438,0
DA:439,0
DA:440,0
DA:441,0
DA:442,0
DA:443,0
DA:444,0
DA:445,0
DA:446,0
DA:447,0
DA:448,0
DA:450,60
DA:458,60
DA:459,60
BRDA:199,228,0,60
BRDA:202,285,0,0
BRDA:204,377,0,0
BRDA:210,717,0,0
BRDA:212,756,0,0
BRDA:212,756,1,0
BRDA:218,1275,0,0
BRDA:218,1275,1,0
BRDA:218,1313,0,0
BRDA:218,1313,1,0
BRDA:225,1839,0,0
BRDA:227,1883,0,0
BRDA:227,1883,1,0
BRDA:225,1839,1,0
BRDA:210,717,1,0
BRDA:204,377,1,0
BRDA:202,285,1,60
BRDA:247,2338,0,0
BRDA:249,2389,0,0
BRDA:251,4356,1,0
BRDA:251,2422,1,0
BRDA:257,2835,0,0
BRDA:259,2869,0,0
BRDA:251,2422,2,0
BRDA:259,2869,1,0
BRDA:265,3368,0,0
BRDA:265,3368,1,0
BRDA:265,3401,0,0
BRDA:251,2422,3,0
BRDA:265,3401,1,0
BRDA:272,3907,0,0
BRDA:274,3946,0,0
BRDA:274,3946,1,0
BRDA:251,2422,4,0
BRDA:272,3907,1,0
BRDA:257,2835,1,0
BRDA:251,2422,0,0
BRDA:251,4356,0,0
BRDA:249,2389,1,0
BRDA:247,2338,1,60
BRDA:305,5353,0,45
BRDA:307,5407,0,0
BRDA:307,5407,1,45
BRDA:305,5353,1,15
BRDA:324,6068,1,60
BRDA:327,5868,0,45
BRDA:327,5868,1,60
BRDA:324,6068,0,60
BRDA:334,6132,0,0
BRDA:336,6183,0,0
BRDA:340,6350,1,0
BRDA:342,6304,0,0
BRDA:342,6304,1,0
BRDA:340,6350,0,0
BRDA:347,6471,1,0
BRDA:347,6471,0,0
BRDA:353,6764,1,0
BRDA:355,6639,0,0
BRDA:355,6639,1,0
BRDA:353,6764,0,0
BRDA:336,6183,1,0
BRDA:334,6132,1,60
BRDA:369,6864,0,0
BRDA:373,6900,0,0
BRDA:376,6979,0,0
BRDA:376,6979,1,0
BRDA:390,8987,1,0
BRDA:394,7287,0,0
BRDA:396,7347,0,0
BRDA:396,7347,1,0
BRDA:394,7287,1,0
BRDA:406,7721,0,0
BRDA:406,7721,1,0
BRDA:411,8832,1,0
BRDA:414,7993,0,0
BRDA:416,8032,0,0
BRDA:416,8032,1,0
BRDA:414,7993,1,0
BRDA:429,8767,1,0
BRDA:432,8495,0,0
BRDA:432,8495,1,0
BRDA:429,8767,0,0
BRDA:411,8832,0,0
BRDA:390,8987,0,0
BRDA:373,6900,1,0
BRDA:369,6864,1,60
BRDA:199,228,1,60
LF:427
LH:199
BRF:129
BRH:38
FNF:32
FNH:19
end_of_record
SF:/Users/hakan/Proj/piranha.core/data/Piranha.Data.EF/Repositories/ContentTypeRepository.cs
FN:24,System.Void Piranha.Repositories.ContentTypeRepository::.ctor(Piranha.IDb)
FNDA:8012,System.Void Piranha.Repositories.ContentTypeRepository::.ctor(Piranha.IDb)
DA:25,8012
DA:26,8012
DA:27,8012
DA:28,8012
FN:121,System.Void Piranha.Repositories.ContentTypeRepository/<Delete>d__6::MoveNext()
FNDA:7,System.Void Piranha.Repositories.ContentTypeRepository/<Delete>d__6::MoveNext()
DA:122,7
DA:123,7
DA:124,7
DA:125,7
DA:127,7
DA:128,7
DA:129,7
DA:130,7
DA:131,7
DA:132,7
BRDA:127,323,0,7
BRDA:127,323,1,7
FN:34,System.Void Piranha.Repositories.ContentTypeRepository/<GetAll>d__2::MoveNext()
FNDA:17,System.Void Piranha.Repositories.ContentTypeRepository/<GetAll>d__2::MoveNext()
DA:35,17
DA:36,17
DA:37,17
DA:38,17
DA:39,17
DA:40,17
DA:41,17
DA:43,69
DA:44,9
DA:45,9
DA:46,9
DA:47,17
DA:48,17
BRDA:43,337,1,9
BRDA:43,337,0,17
FN:55,System.Void Piranha.Repositories.ContentTypeRepository/<GetByGroup>d__3::MoveNext()
FNDA:0,System.Void Piranha.Repositories.ContentTypeRepository/<GetByGroup>d__3::MoveNext()
DA:56,0
DA:57,0
DA:58,0
DA:59,0
DA:60,0
DA:61,0
DA:62,0
DA:63,0
DA:65,0
DA:66,0
DA:67,0
DA:68,0
DA:69,0
DA:70,0
BRDA:65,468,1,0
BRDA:65,468,0,0
FN:77,System.Void Piranha.Repositories.ContentTypeRepository/<GetById>d__4::MoveNext()
FNDA:4,System.Void Piranha.Repositories.ContentTypeRepository/<GetById>d__4::MoveNext()
DA:78,4
DA:79,4
DA:80,4
DA:81,4
DA:82,4
DA:84,4
DA:85,4
DA:86,4
DA:88,0
DA:89,4
BRDA:84,318,0,4
BRDA:84,318,1,0
FN:96,System.Void Piranha.Repositories.ContentTypeRepository/<Save>d__5::MoveNext()
FNDA:21,System.Void Piranha.Repositories.ContentTypeRepository/<Save>d__5::MoveNext()
DA:97,21
DA:98,21
DA:99,21
DA:100,21
DA:102,28
DA:103,7
DA:104,7
DA:105,7
DA:106,7
DA:107,7
DA:108,7
DA:109,7
DA:110,7
DA:111,21
DA:112,21
DA:114,21
DA:115,21
BRDA:102,357,0,7
BRDA:102,357,1,21
LF:68
LH:53
BRF:10
BRH:7
FNF:6
FNH:5
end_of_record
SF:/Users/hakan/Proj/piranha.core/data/Piranha.Data.EF/Repositories/LanguageRepository.cs
FN:23,System.Void Piranha.Repositories.LanguageRepository::.ctor(Piranha.IDb)
FNDA:8012,System.Void Piranha.Repositories.LanguageRepository::.ctor(Piranha.IDb)
DA:24,8012
DA:25,8012
DA:26,8012
DA:27,8012
FN:120,System.Void Piranha.Repositories.LanguageRepository/<Delete>d__6::MoveNext()
FNDA:15,System.Void Piranha.Repositories.LanguageRepository/<Delete>d__6::MoveNext()
DA:121,15
DA:122,15
DA:123,15
DA:124,15
DA:126,15
DA:127,15
DA:128,15
DA:129,15
DA:130,15
DA:131,15
BRDA:126,339,0,15
BRDA:126,339,1,15
FN:33,System.Void Piranha.Repositories.LanguageRepository/<GetAll>d__2::MoveNext()
FNDA:347,System.Void Piranha.Repositories.LanguageRepository/<GetAll>d__2::MoveNext()
DA:34,347
DA:35,347
DA:36,347
DA:37,347
DA:38,347
DA:39,347
DA:40,347
DA:41,347
DA:42,347
DA:43,347
DA:44,347
DA:45,347
DA:46,347
DA:47,347
FN:54,System.Void Piranha.Repositories.LanguageRepository/<GetById>d__3::MoveNext()
FNDA:15,System.Void Piranha.Repositories.LanguageRepository/<GetById>d__3::MoveNext()
DA:55,15
DA:56,15
DA:57,15
DA:58,15
DA:59,15
DA:60,15
DA:61,15
DA:62,15
DA:63,15
DA:64,15
DA:65,15
DA:66,15
DA:67,15
DA:68,15
FN:74,System.Void Piranha.Repositories.LanguageRepository/<GetDefault>d__4::MoveNext()
FNDA:415,System.Void Piranha.Repositories.LanguageRepository/<GetDefault>d__4::MoveNext()
DA:75,415
DA:76,415
DA:77,415
DA:78,415
DA:79,415
DA:80,415
DA:81,415
DA:82,415
DA:83,415
DA:84,415
DA:85,415
DA:86,415
DA:87,415
DA:88,415
FN:95,System.Void Piranha.Repositories.LanguageRepository/<Save>d__5::MoveNext()
FNDA:15,System.Void Piranha.Repositories.LanguageRepository/<Save>d__5::MoveNext()
DA:96,15
DA:97,15
DA:98,15
DA:99,15
DA:101,15
DA:102,15
DA:103,15
DA:104,15
DA:105,15
DA:106,15
DA:107,15
DA:108,15
DA:109,15
DA:110,15
DA:111,15
DA:113,15
DA:114,15
BRDA:101,373,0,15
BRDA:103,412,0,0
BRDA:103,412,1,15
BRDA:101,373,1,15
LF:73
LH:73
BRF:6
BRH:5
FNF:6
FNH:6
end_of_record
SF:/Users/hakan/Proj/piranha.core/data/Piranha.Data.EF/Repositories/MediaRepository.cs
FN:55,System.Threading.Tasks.Task`1<System.Int32> Piranha.Repositories.MediaRepository::CountAll(System.Nullable`1<System.Guid>)
FNDA:0,System.Threading.Tasks.Task`1<System.Int32> Piranha.Repositories.MediaRepository::CountAll(System.Nullable`1<System.Guid>)
DA:56,0
DA:57,0
DA:58,0
FN:80,System.Threading.Tasks.Task`1<System.Collections.Generic.IEnumerable`1<Piranha.Models.Media>> Piranha.Repositories.MediaRepository::GetById(System.Guid[])
FNDA:122,System.Threading.Tasks.Task`1<System.Collections.Generic.IEnumerable`1<Piranha.Models.Media>> Piranha.Repositories.MediaRepository::GetById(System.Guid[])
DA:81,122
DA:82,122
DA:83,122
DA:84,122
DA:85,122
DA:86,438
FN:93,System.Threading.Tasks.Task`1<Piranha.Models.Media> Piranha.Repositories.MediaRepository::GetById(System.Guid)
FNDA:5982,System.Threading.Tasks.Task`1<Piranha.Models.Media> Piranha.Repositories.MediaRepository::GetById(System.Guid)
DA:94,5982
DA:95,5982
DA:96,5982
DA:97,11964
FN:104,System.Threading.Tasks.Task`1<Piranha.Models.MediaFolder> Piranha.Repositories.MediaRepository::GetFolderById(System.Guid)
FNDA:60,System.Threading.Tasks.Task`1<Piranha.Models.MediaFolder> Piranha.Repositories.MediaRepository::GetFolderById(System.Guid)
DA:105,60
DA:106,60
DA:107,60
DA:108,60
DA:109,60
DA:110,60
DA:111,60
DA:112,60
DA:113,60
DA:114,60
FN:298,Piranha.Models.MediaStructure Piranha.Repositories.MediaRepository::Sort(System.Collections.Generic.IEnumerable`1<Piranha.Data.MediaFolder>,System.Collections.Generic.IList`1<Piranha.Repositories.MediaRepository/FolderCount>,System.Nullable`1<System.Guid>,System.Int32)
FNDA:0,Piranha.Models.MediaStructure Piranha.Repositories.MediaRepository::Sort(System.Collections.Generic.IEnumerable`1<Piranha.Data.MediaFolder>,System.Collections.Generic.IList`1<Piranha.Repositories.MediaRepository/FolderCount>,System.Nullable`1<System.Guid>,System.Int32)
DA:299,0
DA:300,0
DA:301,0
DA:302,0
DA:303,0
DA:304,0
DA:305,0
DA:306,0
DA:308,0
DA:309,0
DA:310,0
DA:311,0
DA:312,0
DA:314,0
DA:315,0
DA:316,0
DA:317,0
DA:319,0
DA:320,0
DA:321,0
DA:322,0
BRDA:300,52,0,0
BRDA:300,52,1,0
BRDA:302,129,0,0
BRDA:302,129,1,0
BRDA:308,163,0,0
BRDA:308,163,1,0
BRDA:309,184,0,0
BRDA:309,184,1,0
BRDA:309,507,1,0
BRDA:312,336,0,0
BRDA:312,336,1,0
BRDA:317,467,0,0
BRDA:317,467,1,0
BRDA:309,507,0,0
BRDA:309,28,0,0
BRDA:309,28,1,0
BRDA:309,40,0,0
BRDA:309,40,1,0
BRDA:312,26,0,0
BRDA:312,26,1,0
BRDA:312,38,0,0
BRDA:312,38,1,0
BRDA:316,26,0,0
BRDA:316,26,1,0
BRDA:316,38,0,0
BRDA:316,38,1,0
FN:30,System.Void Piranha.Repositories.MediaRepository::.ctor(Piranha.IDb)
FNDA:8012,System.Void Piranha.Repositories.MediaRepository::.ctor(Piranha.IDb)
DA:31,8012
DA:32,8012
DA:33,8012
DA:34,8012
FN:20,System.Nullable`1<System.Guid> Piranha.Repositories.MediaRepository/FolderCount::get_FolderId()
FNDA:0,System.Nullable`1<System.Guid> Piranha.Repositories.MediaRepository/FolderCount::get_FolderId()
DA:21,0
FN:21,System.Int32 Piranha.Repositories.MediaRepository/FolderCount::get_Count()
FNDA:0,System.Int32 Piranha.Repositories.MediaRepository/FolderCount::get_Count()
DA:22,0
FN:178,System.Guid Piranha.Repositories.MediaRepository/<>c::<Save>b__10_0(Piranha.Models.MediaVersion)
FNDA:263,System.Guid Piranha.Repositories.MediaRepository/<>c::<Save>b__10_0(Piranha.Models.MediaVersion)
DA:179,263
FN:179,System.Boolean Piranha.Repositories.MediaRepository/<>c__DisplayClass10_0::<Save>b__1(Piranha.Data.MediaVersion)
FNDA:261,System.Boolean Piranha.Repositories.MediaRepository/<>c__DisplayClass10_0::<Save>b__1(Piranha.Data.MediaVersion)
DA:180,261
FN:189,System.Boolean Piranha.Repositories.MediaRepository/<>c__DisplayClass10_1::<Save>b__4(Piranha.Data.MediaVersion)
FNDA:2,System.Boolean Piranha.Repositories.MediaRepository/<>c__DisplayClass10_1::<Save>b__4(Piranha.Data.MediaVersion)
DA:190,2
FN:259,System.Void Piranha.Repositories.MediaRepository/<Delete>d__13::MoveNext()
FNDA:214,System.Void Piranha.Repositories.MediaRepository/<Delete>d__13::MoveNext()
DA:260,214
DA:261,214
DA:262,214
DA:263,214
DA:264,214
DA:266,214
DA:267,214
DA:268,214
DA:269,214
DA:270,214
DA:271,214
BRDA:266,401,0,214
BRDA:266,401,1,214
FN:277,System.Void Piranha.Repositories.MediaRepository/<DeleteFolder>d__14::MoveNext()
FNDA:45,System.Void Piranha.Repositories.MediaRepository/<DeleteFolder>d__14::MoveNext()
DA:278,45
DA:279,45
DA:280,45
DA:281,45
DA:283,45
DA:284,45
DA:285,45
DA:286,45
DA:287,45
DA:288,45
BRDA:283,339,0,45
BRDA:283,339,1,45
FN:41,System.Void Piranha.Repositories.MediaRepository/<GetAll>d__3::MoveNext()
FNDA:122,System.Void Piranha.Repositories.MediaRepository/<GetAll>d__3::MoveNext()
DA:42,122
DA:43,122
DA:44,122
DA:45,122
DA:46,122
DA:47,122
DA:48,122
FN:66,System.Void Piranha.Repositories.MediaRepository/<GetAllFolders>d__5::MoveNext()
FNDA:45,System.Void Piranha.Repositories.MediaRepository/<GetAllFolders>d__5::MoveNext()
DA:67,45
DA:68,45
DA:69,45
DA:70,45
DA:71,45
DA:72,45
DA:73,45
FN:120,System.Void Piranha.Repositories.MediaRepository/<GetStructure>d__9::MoveNext()
FNDA:0,System.Void Piranha.Repositories.MediaRepository/<GetStructure>d__9::MoveNext()
DA:121,0
DA:122,0
DA:123,0
DA:124,0
DA:125,0
DA:126,0
DA:127,0
DA:129,0
DA:130,0
DA:131,0
DA:132,0
DA:133,0
DA:134,0
DA:135,0
DA:136,0
DA:137,0
DA:138,0
DA:140,0
DA:141,0
FN:242,System.Void Piranha.Repositories.MediaRepository/<Move>d__12::MoveNext()
FNDA:6,System.Void Piranha.Repositories.MediaRepository/<Move>d__12::MoveNext()
DA:243,6
DA:244,6
DA:245,6
DA:246,6
DA:248,6
DA:249,6
DA:250,6
DA:251,6
DA:252,6
DA:253,6
BRDA:248,359,0,6
BRDA:248,359,1,6
FN:148,System.Void Piranha.Repositories.MediaRepository/<Save>d__10::MoveNext()
FNDA:261,System.Void Piranha.Repositories.MediaRepository/<Save>d__10::MoveNext()
DA:149,261
DA:150,261
DA:151,261
DA:152,261
DA:153,261
DA:155,261
DA:156,214
DA:157,214
DA:158,214
DA:159,214
DA:160,214
DA:161,214
DA:162,214
DA:163,214
DA:165,261
DA:166,261
DA:167,261
DA:168,261
DA:169,261
DA:170,261
DA:171,261
DA:172,261
DA:173,261
DA:174,261
DA:175,261
DA:176,261
DA:182,261
DA:183,0
DA:184,0
DA:185,0
DA:188,787
DA:189,2
DA:191,2
DA:192,2
DA:193,2
DA:194,2
DA:195,2
DA:196,2
DA:197,2
DA:198,2
DA:199,2
DA:200,2
DA:201,2
DA:202,2
DA:203,2
DA:204,2
DA:207,261
DA:208,261
BRDA:155,435,0,214
BRDA:155,435,1,261
BRDA:182,1088,0,0
BRDA:182,1088,1,261
BRDA:188,1452,1,2
BRDA:190,1224,0,2
BRDA:190,1224,1,2
BRDA:188,1452,0,261
FN:215,System.Void Piranha.Repositories.MediaRepository/<SaveFolder>d__11::MoveNext()
FNDA:45,System.Void Piranha.Repositories.MediaRepository/<SaveFolder>d__11::MoveNext()
DA:216,45
DA:217,45
DA:218,45
DA:219,45
DA:221,45
DA:222,45
DA:223,45
DA:224,45
DA:225,45
DA:226,45
DA:227,45
DA:228,45
DA:229,45
DA:230,45
DA:231,45
DA:232,45
DA:234,45
DA:235,45
BRDA:221,373,0,45
BRDA:223,412,0,0
BRDA:223,412,1,45
BRDA:221,373,1,45
LF:183
LH:135
BRF:44
BRH:16
FNF:19
FNH:14
end_of_record
SF:/Users/hakan/Proj/piranha.core/data/Piranha.Data.EF/Repositories/PageRepository.cs
FN:95,System.Threading.Tasks.Task`1<System.Collections.Generic.IEnumerable`1<Piranha.Models.Comment>> Piranha.Repositories.PageRepository::GetAllComments(System.Nullable`1<System.Guid>,System.Boolean,System.Int32,System.Int32)
FNDA:3,System.Threading.Tasks.Task`1<System.Collections.Generic.IEnumerable`1<Piranha.Models.Comment>> Piranha.Repositories.PageRepository::GetAllComments(System.Nullable`1<System.Guid>,System.Boolean,System.Int32,System.Int32)
DA:96,3
DA:97,3
DA:98,3
FN:108,System.Threading.Tasks.Task`1<System.Collections.Generic.IEnumerable`1<Piranha.Models.Comment>> Piranha.Repositories.PageRepository::GetAllPendingComments(System.Nullable`1<System.Guid>,System.Int32,System.Int32)
FNDA:0,System.Threading.Tasks.Task`1<System.Collections.Generic.IEnumerable`1<Piranha.Models.Comment>> Piranha.Repositories.PageRepository::GetAllPendingComments(System.Nullable`1<System.Guid>,System.Int32,System.Int32)
DA:109,0
DA:110,0
DA:111,0
FN:283,System.Threading.Tasks.Task`1<System.Collections.Generic.IEnumerable`1<System.Guid>> Piranha.Repositories.PageRepository::Save(T)
FNDA:1875,System.Threading.Tasks.Task`1<System.Collections.Generic.IEnumerable`1<System.Guid>> Piranha.Repositories.PageRepository::Save(T)
DA:284,1875
DA:285,1875
DA:286,1875
FN:899,System.Linq.IQueryable`1<Piranha.Data.Page> Piranha.Repositories.PageRepository::GetQuery()
FNDA:8585,System.Linq.IQueryable`1<Piranha.Data.Page> Piranha.Repositories.PageRepository::GetQuery()
DA:900,8585
DA:901,8585
DA:903,8585
DA:904,8585
DA:905,8585
DA:908,8585
DA:910,8585
DA:911,4192
DA:912,4192
DA:913,4192
DA:914,4192
DA:915,4192
DA:916,4192
DA:917,8585
DA:918,8585
BRDA:910,181,0,4192
BRDA:910,181,1,8585
FN:970,System.Collections.Generic.IEnumerable`1<System.Guid> Piranha.Repositories.PageRepository::MovePages(System.Collections.Generic.IList`1<Piranha.Data.Page>,System.Guid,System.Guid,System.Int32,System.Boolean)
FNDA:3696,System.Collections.Generic.IEnumerable`1<System.Guid> Piranha.Repositories.PageRepository::MovePages(System.Collections.Generic.IList`1<Piranha.Data.Page>,System.Guid,System.Guid,System.Int32,System.Boolean)
DA:971,3696
DA:972,11337
DA:974,21432
DA:975,5172
DA:976,5172
DA:977,5172
DA:978,8868
DA:979,3696
BRDA:974,95,1,5172
BRDA:976,61,0,2700
BRDA:976,61,1,2472
BRDA:974,95,0,3696
FN:27,System.Void Piranha.Repositories.PageRepository::.ctor(Piranha.IDb,Piranha.Services.IContentServiceFactory)
FNDA:8012,System.Void Piranha.Repositories.PageRepository::.ctor(Piranha.IDb,Piranha.Services.IContentServiceFactory)
DA:28,8012
DA:29,8012
DA:30,8012
DA:31,8012
DA:32,8012
FN:765,System.Guid Piranha.Repositories.PageRepository/<>c__23`1::<Save>b__23_16(Piranha.Data.Block)
FNDA:2052,System.Guid Piranha.Repositories.PageRepository/<>c__23`1::<Save>b__23_16(Piranha.Data.Block)
DA:766,2052
FN:770,Piranha.Data.Block Piranha.Repositories.PageRepository/<>c__23`1::<Save>b__23_18(Piranha.Data.PageBlock)
FNDA:1704,Piranha.Data.Block Piranha.Repositories.PageRepository/<>c__23`1::<Save>b__23_18(Piranha.Data.PageBlock)
DA:771,1704
FN:772,System.Guid Piranha.Repositories.PageRepository/<>c__23`1::<Save>b__23_21(Piranha.Data.Block)
FNDA:6,System.Guid Piranha.Repositories.PageRepository/<>c__23`1::<Save>b__23_21(Piranha.Data.Block)
DA:773,6
BRDA:773,17,0,0
BRDA:773,38,0,0
BRDA:773,52,0,0
BRDA:773,52,1,0
BRDA:773,17,1,6
BRDA:773,38,1,6
FN:773,Piranha.Data.Block Piranha.Repositories.PageRepository/<>c__23`1::<Save>b__23_20(Piranha.Data.PageBlock)
FNDA:1704,Piranha.Data.Block Piranha.Repositories.PageRepository/<>c__23`1::<Save>b__23_20(Piranha.Data.PageBlock)
DA:774,1704
FN:816,System.String Piranha.Repositories.PageRepository/<>c__23`1::<Save>b__23_22(Piranha.Data.BlockField)
FNDA:354,System.String Piranha.Repositories.PageRepository/<>c__23`1::<Save>b__23_22(Piranha.Data.BlockField)
DA:817,354
FN:945,System.Int32 Piranha.Repositories.PageRepository/<>c__25`1::<ProcessAsync>b__25_3(Piranha.Data.PageBlock)
FNDA:2304,System.Int32 Piranha.Repositories.PageRepository/<>c__25`1::<ProcessAsync>b__25_3(Piranha.Data.PageBlock)
DA:946,2304
FN:956,System.Int32 Piranha.Repositories.PageRepository/<>c__25`1::<ProcessAsync>b__25_0(Piranha.Data.PageBlock)
FNDA:1275,System.Int32 Piranha.Repositories.PageRepository/<>c__25`1::<ProcessAsync>b__25_0(Piranha.Data.PageBlock)
DA:957,1275
FN:817,System.Boolean Piranha.Repositories.PageRepository/<>c__DisplayClass23_4`1::<Save>b__23(Piranha.Data.BlockField)
FNDA:354,System.Boolean Piranha.Repositories.PageRepository/<>c__DisplayClass23_4`1::<Save>b__23(Piranha.Data.BlockField)
DA:818,354
FN:826,System.Boolean Piranha.Repositories.PageRepository/<>c__DisplayClass23_5`1::<Save>b__26(Piranha.Data.BlockField)
FNDA:360,System.Boolean Piranha.Repositories.PageRepository/<>c__DisplayClass23_5`1::<Save>b__26(Piranha.Data.BlockField)
DA:827,360
FN:949,System.Boolean Piranha.Repositories.PageRepository/<>c__DisplayClass25_1`1::<ProcessAsync>b__4(Piranha.Data.PageBlock)
FNDA:0,System.Boolean Piranha.Repositories.PageRepository/<>c__DisplayClass25_1`1::<ProcessAsync>b__4(Piranha.Data.PageBlock)
DA:950,0
FN:334,System.Void Piranha.Repositories.PageRepository/<CreateRevision>d__18::MoveNext()
FNDA:24,System.Void Piranha.Repositories.PageRepository/<CreateRevision>d__18::MoveNext()
DA:335,24
DA:336,24
DA:337,24
DA:338,24
DA:340,24
DA:341,24
DA:342,24
DA:343,24
DA:344,24
DA:345,24
DA:346,24
DA:347,24
DA:348,24
DA:350,24
DA:354,24
DA:355,24
DA:356,24
DA:357,24
DA:358,24
DA:359,24
DA:360,24
DA:361,24
DA:362,24
DA:364,24
DA:365,0
DA:366,0
DA:367,0
DA:368,0
DA:369,0
DA:371,0
DA:372,0
DA:373,0
DA:374,0
DA:375,0
DA:376,0
DA:377,24
DA:378,24
DA:379,24
BRDA:340,380,0,24
BRDA:354,737,0,24
BRDA:364,1231,0,0
BRDA:371,1648,0,0
BRDA:371,1648,1,0
BRDA:364,1231,1,24
BRDA:354,737,1,24
BRDA:340,380,1,24
FN:385,System.Void Piranha.Repositories.PageRepository/<Delete>d__19::MoveNext()
FNDA:2007,System.Void Piranha.Repositories.PageRepository/<Delete>d__19::MoveNext()
DA:386,2007
DA:387,2007
DA:388,2007
DA:389,2007
DA:390,2007
DA:391,2007
DA:393,2007
DA:394,1848
DA:396,1848
DA:397,1848
DA:398,3
DA:399,3
DA:403,1845
DA:404,1845
DA:405,0
DA:406,0
DA:410,6207
DA:411,336
DA:412,336
DA:413,336
DA:414,336
DA:415,336
DA:416,336
DA:419,1845
DA:421,1845
DA:424,1845
DA:426,1845
DA:427,1845
DA:428,2004
DA:429,2004
BRDA:393,589,0,1848
BRDA:397,914,0,3
BRDA:397,914,1,1845
BRDA:404,1247,0,0
BRDA:404,1247,1,1845
BRDA:410,1388,1,336
BRDA:412,1332,0,336
BRDA:412,1332,1,336
BRDA:410,1388,0,1845
BRDA:393,589,1,2004
FN:462,System.Void Piranha.Repositories.PageRepository/<DeleteComment>d__21::MoveNext()
FNDA:0,System.Void Piranha.Repositories.PageRepository/<DeleteComment>d__21::MoveNext()
DA:463,0
DA:464,0
DA:465,0
DA:466,0
DA:468,0
DA:469,0
DA:470,0
DA:471,0
DA:472,0
DA:473,0
BRDA:468,339,0,0
BRDA:468,339,1,0
FN:436,System.Void Piranha.Repositories.PageRepository/<DeleteDraft>d__20::MoveNext()
FNDA:24,System.Void Piranha.Repositories.PageRepository/<DeleteDraft>d__20::MoveNext()
DA:437,24
DA:438,24
DA:439,24
DA:440,24
DA:442,24
DA:443,24
DA:444,24
DA:445,24
DA:446,24
DA:447,24
DA:449,24
DA:450,0
DA:451,0
DA:453,0
DA:454,0
DA:455,24
DA:456,24
BRDA:442,363,0,24
BRDA:449,772,0,0
BRDA:449,772,1,24
BRDA:442,363,1,24
FN:39,System.Void Piranha.Repositories.PageRepository/<GetAll>d__3::MoveNext()
FNDA:333,System.Void Piranha.Repositories.PageRepository/<GetAll>d__3::MoveNext()
DA:40,333
DA:41,333
DA:42,333
DA:43,333
DA:44,333
DA:45,333
DA:46,333
DA:47,333
DA:48,333
DA:49,333
FN:56,System.Void Piranha.Repositories.PageRepository/<GetAllBlogs>d__4::MoveNext()
FNDA:6,System.Void Piranha.Repositories.PageRepository/<GetAllBlogs>d__4::MoveNext()
DA:57,6
DA:58,6
DA:59,6
DA:60,6
DA:61,6
DA:62,6
DA:63,6
DA:64,6
DA:65,6
DA:66,6
FN:486,System.Void Piranha.Repositories.PageRepository/<GetAllComments>d__22::MoveNext()
FNDA:3,System.Void Piranha.Repositories.PageRepository/<GetAllComments>d__22::MoveNext()
DA:487,3
DA:489,3
DA:490,3
DA:493,3
DA:494,3
DA:495,3
DA:496,3
DA:499,3
DA:500,0
DA:501,0
DA:502,0
DA:503,3
DA:504,3
DA:505,3
DA:506,3
DA:509,3
DA:512,3
DA:513,0
DA:514,0
DA:515,0
DA:516,0
DA:517,0
DA:520,3
DA:521,3
DA:522,3
DA:523,3
DA:524,3
DA:525,3
DA:526,3
DA:527,3
DA:528,3
DA:529,3
DA:530,3
DA:531,3
DA:532,3
DA:533,3
BRDA:493,91,0,3
BRDA:493,91,1,3
BRDA:499,264,0,0
BRDA:499,264,1,3
BRDA:503,359,0,3
BRDA:503,359,1,3
BRDA:512,524,0,0
BRDA:512,524,1,3
FN:74,System.Void Piranha.Repositories.PageRepository/<GetAllDrafts>d__5::MoveNext()
FNDA:0,System.Void Piranha.Repositories.PageRepository/<GetAllDrafts>d__5::MoveNext()
DA:75,0
DA:76,0
DA:77,0
DA:78,0
DA:79,0
DA:80,0
DA:81,0
DA:82,0
DA:83,0
FN:138,System.Void Piranha.Repositories.PageRepository/<GetById>d__9`1::MoveNext()
FNDA:1878,System.Void Piranha.Repositories.PageRepository/<GetById>d__9`1::MoveNext()
DA:139,1878
DA:140,1878
DA:141,1878
DA:142,1878
DA:144,1878
DA:145,27
DA:146,27
DA:148,1851
DA:149,1878
BRDA:144,345,0,27
BRDA:144,345,1,1851
FN:157,System.Void Piranha.Repositories.PageRepository/<GetByIds>d__10`1::MoveNext()
FNDA:4678,System.Void Piranha.Repositories.PageRepository/<GetByIds>d__10`1::MoveNext()
DA:158,4678
DA:159,4678
DA:160,4678
DA:161,4678
DA:162,4678
DA:163,4678
DA:165,23396
DA:166,4681
DA:167,4681
DA:168,4681
DA:169,4678
DA:170,4678
BRDA:165,660,1,4681
BRDA:165,660,0,4678
FN:179,System.Void Piranha.Repositories.PageRepository/<GetBySlug>d__11`1::MoveNext()
FNDA:1972,System.Void Piranha.Repositories.PageRepository/<GetBySlug>d__11`1::MoveNext()
DA:180,1972
DA:181,1972
DA:182,1972
DA:183,1972
DA:185,1972
DA:186,109
DA:187,109
DA:189,1863
DA:190,1972
BRDA:185,434,0,109
BRDA:185,434,1,1863
FN:260,System.Void Piranha.Repositories.PageRepository/<GetCommentById>d__14::MoveNext()
FNDA:6,System.Void Piranha.Repositories.PageRepository/<GetCommentById>d__14::MoveNext()
DA:261,6
DA:262,6
DA:263,6
DA:264,6
DA:265,6
DA:266,6
DA:267,6
DA:268,6
DA:269,6
DA:270,6
DA:271,6
DA:272,6
DA:273,6
DA:274,6
DA:275,6
DA:276,6
FN:198,System.Void Piranha.Repositories.PageRepository/<GetDraftById>d__12`1::MoveNext()
FNDA:3,System.Void Piranha.Repositories.PageRepository/<GetDraftById>d__12`1::MoveNext()
DA:199,3
DA:200,3
DA:201,3
DA:202,3
DA:203,3
DA:204,3
DA:206,3
DA:207,3
DA:208,3
DA:209,3
DA:210,3
DA:212,3
DA:213,3
DA:215,3
DA:217,3
DA:219,0
DA:220,0
DA:221,3
BRDA:206,446,0,3
BRDA:212,846,0,3
BRDA:212,846,1,0
BRDA:206,446,1,0
FN:119,System.Void Piranha.Repositories.PageRepository/<GetStartpage>d__8`1::MoveNext()
FNDA:9,System.Void Piranha.Repositories.PageRepository/<GetStartpage>d__8`1::MoveNext()
DA:120,9
DA:121,9
DA:122,9
DA:123,9
DA:125,9
DA:126,6
DA:127,6
DA:129,3
DA:130,9
BRDA:125,469,0,6
BRDA:125,469,1,3
FN:231,System.Void Piranha.Repositories.PageRepository/<Move>d__13`1::MoveNext()
FNDA:3,System.Void Piranha.Repositories.PageRepository/<Move>d__13`1::MoveNext()
DA:232,3
DA:233,3
DA:235,3
DA:236,3
DA:239,3
DA:241,3
DA:244,3
DA:245,3
DA:246,3
DA:247,3
DA:248,3
DA:250,3
DA:252,3
DA:253,3
BRDA:236,679,0,0
BRDA:236,679,1,3
BRDA:236,691,0,3
BRDA:236,691,1,0
BRDA:236,715,0,3
BRDA:236,715,1,0
FN:925,System.Void Piranha.Repositories.PageRepository/<ProcessAsync>d__25`1::MoveNext()
FNDA:4796,System.Void Piranha.Repositories.PageRepository/<ProcessAsync>d__25`1::MoveNext()
DA:926,4796
DA:928,14388
DA:929,0
DA:930,0
DA:931,0
DA:934,4796
DA:935,4796
DA:936,146
DA:937,146
DA:938,146
DA:939,4796
DA:942,4796
DA:943,2287
DA:944,2287
DA:945,261
DA:947,507
DA:948,507
DA:949,0
DA:951,0
DA:952,0
DA:953,0
DA:954,0
DA:955,0
DA:956,507
DA:958,261
DA:959,2287
DA:960,4796
BRDA:928,146,1,0
BRDA:928,146,0,4796
BRDA:935,238,0,146
BRDA:935,238,1,4796
BRDA:942,663,0,2287
BRDA:944,692,0,261
BRDA:946,717,0,3
BRDA:946,717,1,261
BRDA:946,959,1,507
BRDA:948,830,0,0
BRDA:951,885,0,0
BRDA:951,885,1,0
[...]
BRDA:172,109,1,0
BRDA:174,78,0,0
BRDA:174,78,1,0
BRDA:172,109,0,0
BRDA:168,36,1,0
FN:186,System.Void Piranha.Extend.Fields.SelectField`1::InitMetaData()
FNDA:0,System.Void Piranha.Extend.Fields.SelectField`1::InitMetaData()
DA:187,0
DA:188,0
DA:189,0
DA:191,0
DA:192,0
DA:193,0
DA:194,0
DA:195,0
DA:198,0
DA:199,0
DA:200,0
DA:201,0
DA:202,0
DA:203,0
DA:204,0
DA:205,0
DA:206,0
DA:207,0
DA:208,0
BRDA:188,8,1,0
BRDA:193,40,0,0
BRDA:193,40,1,0
BRDA:198,141,1,0
BRDA:198,141,0,0
BRDA:188,8,0,0
FN:23,System.Void Piranha.Extend.Fields.SelectField`1::.cctor()
FNDA:0,System.Void Piranha.Extend.Fields.SelectField`1::.cctor()
DA:24,0
DA:29,0
LF:76
LH:22
BRF:26
BRH:7
FNF:15
FNH:7
end_of_record
SF:/Users/hakan/Proj/piranha.core/core/Piranha/Extend/Fields/SelectFieldItem.cs
FN:20,System.String Piranha.Extend.Fields.SelectFieldItem::get_Title()
FNDA:0,System.String Piranha.Extend.Fields.SelectFieldItem::get_Title()
DA:21,0
FN:25,System.Enum Piranha.Extend.Fields.SelectFieldItem::get_Value()
FNDA:0,System.Enum Piranha.Extend.Fields.SelectFieldItem::get_Value()
DA:26,0
LF:2
LH:0
BRF:0
BRH:0
FNF:2
FNH:0
end_of_record
SF:/Users/hakan/Proj/piranha.core/core/Piranha/Extend/Fields/SimpleField.cs
FN:21,T Piranha.Extend.Fields.SimpleField`1::get_Value()
FNDA:17335,T Piranha.Extend.Fields.SimpleField`1::get_Value()
DA:22,17335
FN:28,System.String Piranha.Extend.Fields.SimpleField`1::GetTitle()
FNDA:3,System.String Piranha.Extend.Fields.SimpleField`1::GetTitle()
DA:29,3
DA:30,3
DA:31,1
DA:32,1
DA:35,2
DA:37,2
DA:38,1
DA:39,1
DA:40,1
DA:41,2
DA:42,3
BRDA:30,17,0,1
BRDA:30,17,1,2
BRDA:37,59,0,1
BRDA:37,59,1,2
FN:47,System.Int32 Piranha.Extend.Fields.SimpleField`1::GetHashCode()
FNDA:0,System.Int32 Piranha.Extend.Fields.SimpleField`1::GetHashCode()
DA:48,0
DA:49,0
DA:50,0
BRDA:49,35,0,0
BRDA:49,35,1,0
FN:57,System.Boolean Piranha.Extend.Fields.SimpleField`1::Equals(System.Object)
FNDA:16,System.Boolean Piranha.Extend.Fields.SimpleField`1::Equals(System.Object)
DA:58,16
DA:59,16
DA:60,16
DA:61,16
DA:63,0
DA:64,16
BRDA:59,14,0,16
BRDA:59,14,1,0
FN:71,System.Boolean Piranha.Extend.Fields.SimpleField`1::Equals(Piranha.Extend.Fields.SimpleField`1<T>)
FNDA:48,System.Boolean Piranha.Extend.Fields.SimpleField`1::Equals(Piranha.Extend.Fields.SimpleField`1<T>)
DA:72,48
DA:73,48
DA:74,48
BRDA:73,8,0,48
BRDA:73,8,1,0
FN:82,System.Boolean Piranha.Extend.Fields.SimpleField`1::op_Equality(Piranha.Extend.Fields.SimpleField`1<T>,Piranha.Extend.Fields.SimpleField`1<T>)
FNDA:64,System.Boolean Piranha.Extend.Fields.SimpleField`1::op_Equality(Piranha.Extend.Fields.SimpleField`1<T>,Piranha.Extend.Fields.SimpleField`1<T>)
DA:83,64
DA:84,64
DA:85,16
DA:86,16
DA:89,48
DA:90,0
DA:91,0
DA:93,48
DA:94,64
BRDA:84,2,0,64
BRDA:84,2,1,0
BRDA:84,13,0,16
BRDA:84,13,1,48
BRDA:89,27,0,0
BRDA:89,27,1,48
BRDA:89,38,0,0
BRDA:89,38,1,48
FN:102,System.Boolean Piranha.Extend.Fields.SimpleField`1::op_Inequality(Piranha.Extend.Fields.SimpleField`1<T>,Piranha.Extend.Fields.SimpleField`1<T>)
FNDA:56,System.Boolean Piranha.Extend.Fields.SimpleField`1::op_Inequality(Piranha.Extend.Fields.SimpleField`1<T>,Piranha.Extend.Fields.SimpleField`1<T>)
DA:103,56
DA:104,56
DA:105,56
LF:36
LH:30
BRF:18
BRH:11
FNF:7
FNH:6
end_of_record
SF:/Users/hakan/Proj/piranha.core/core/Piranha/Extend/Fields/StringField.cs
FN:20,Piranha.Extend.Fields.StringField Piranha.Extend.Fields.StringField::op_Implicit(System.String)
FNDA:1,Piranha.Extend.Fields.StringField Piranha.Extend.Fields.StringField::op_Implicit(System.String)
DA:21,1
DA:22,1
DA:23,1
FN:29,System.String Piranha.Extend.Fields.StringField::op_Implicit(Piranha.Extend.Fields.StringField)
FNDA:1,System.String Piranha.Extend.Fields.StringField::op_Implicit(Piranha.Extend.Fields.StringField)
DA:30,1
DA:31,1
DA:32,1
FN:37,System.String Piranha.Extend.Fields.StringField::GetIndexedContent()
FNDA:1,System.String Piranha.Extend.Fields.StringField::GetIndexedContent()
DA:38,1
DA:39,1
DA:40,1
BRDA:39,12,0,0
BRDA:39,12,1,1
LF:9
LH:9
BRF:2
BRH:1
FNF:3
FNH:3
end_of_record
SF:/Users/hakan/Proj/piranha.core/core/Piranha/Extend/Fields/TextField.cs
FN:20,Piranha.Extend.Fields.TextField Piranha.Extend.Fields.TextField::op_Implicit(System.String)
FNDA:1941,Piranha.Extend.Fields.TextField Piranha.Extend.Fields.TextField::op_Implicit(System.String)
DA:21,1941
DA:22,1941
DA:23,1941
FN:29,System.String Piranha.Extend.Fields.TextField::op_Implicit(Piranha.Extend.Fields.TextField)
FNDA:1,System.String Piranha.Extend.Fields.TextField::op_Implicit(Piranha.Extend.Fields.TextField)
DA:30,1
DA:31,1
DA:32,1
FN:37,System.String Piranha.Extend.Fields.TextField::GetIndexedContent()
FNDA:1,System.String Piranha.Extend.Fields.TextField::GetIndexedContent()
DA:38,1
DA:39,1
DA:40,1
BRDA:39,12,0,0
BRDA:39,12,1,1
LF:9
LH:9
BRF:2
BRH:1
FNF:3
FNH:3
end_of_record
SF:/Users/hakan/Proj/piranha.core/core/Piranha/Extend/Fields/VideoField.cs
FN:22,Piranha.Extend.Fields.VideoField Piranha.Extend.Fields.VideoField::op_Implicit(System.Guid)
FNDA:1,Piranha.Extend.Fields.VideoField Piranha.Extend.Fields.VideoField::op_Implicit(System.Guid)
DA:23,1
DA:24,1
DA:25,1
FN:31,Piranha.Extend.Fields.VideoField Piranha.Extend.Fields.VideoField::op_Implicit(Piranha.Models.Media)
FNDA:1,Piranha.Extend.Fields.VideoField Piranha.Extend.Fields.VideoField::op_Implicit(Piranha.Models.Media)
DA:32,1
DA:33,1
DA:34,1
FN:40,System.String Piranha.Extend.Fields.VideoField::op_Implicit(Piranha.Extend.Fields.VideoField)
FNDA:1,System.String Piranha.Extend.Fields.VideoField::op_Implicit(Piranha.Extend.Fields.VideoField)
DA:41,1
DA:42,1
DA:43,0
DA:44,0
DA:46,1
DA:47,1
BRDA:42,12,0,0
BRDA:42,12,1,1
LF:12
LH:10
BRF:2
BRH:1
FNF:3
FNH:3
end_of_record
SF:/Users/hakan/Proj/piranha.core/core/Piranha/Extend/Fields/Settings/ColorFieldSettingsAttribute.cs
FN:21,System.Boolean Piranha.Extend.Fields.Settings.ColorFieldSettingsAttribute::get_DisallowInput()
FNDA:0,System.Boolean Piranha.Extend.Fields.Settings.ColorFieldSettingsAttribute::get_DisallowInput()
DA:22,0
FN:26,System.String Piranha.Extend.Fields.Settings.ColorFieldSettingsAttribute::get_DefaultValue()
FNDA:0,System.String Piranha.Extend.Fields.Settings.ColorFieldSettingsAttribute::get_DefaultValue()
DA:27,0
LF:2
LH:0
BRF:0
BRH:0
FNF:2
FNH:0
end_of_record
SF:/Users/hakan/Proj/piranha.core/core/Piranha/Extend/Fields/Settings/ContentFieldSettingsAttribute.cs
FN:21,System.String Piranha.Extend.Fields.Settings.ContentFieldSettingsAttribute::get_Group()
FNDA:0,System.String Piranha.Extend.Fields.Settings.ContentFieldSettingsAttribute::get_Group()
DA:22,0
LF:1
LH:0
BRF:0
BRH:0
FNF:1
FNH:0
end_of_record
SF:/Users/hakan/Proj/piranha.core/core/Piranha/Extend/Fields/Settings/StringFieldSettingsAttribute.cs
FN:21,System.String Piranha.Extend.Fields.Settings.StringFieldSettingsAttribute::get_DefaultValue()
FNDA:0,System.String Piranha.Extend.Fields.Settings.StringFieldSettingsAttribute::get_DefaultValue()
DA:22,0
FN:27,System.Int32 Piranha.Extend.Fields.Settings.StringFieldSettingsAttribute::get_MaxLength()
FNDA:0,System.Int32 Piranha.Extend.Fields.Settings.StringFieldSettingsAttribute::get_MaxLength()
DA:28,0
LF:2
LH:0
BRF:0
BRH:0
FNF:2
FNH:0
end_of_record
SF:/Users/hakan/Proj/piranha.core/core/Piranha/Extend/Fields/Settings/TextFieldSettingsAttribute.cs
FN:21,System.String Piranha.Extend.Fields.Settings.TextFieldSettingsAttribute::get_DefaultValue()
FNDA:0,System.String Piranha.Extend.Fields.Settings.TextFieldSettingsAttribute::get_DefaultValue()
DA:22,0
FN:27,System.Int32 Piranha.Extend.Fields.Settings.TextFieldSettingsAttribute::get_MaxLength()
FNDA:0,System.Int32 Piranha.Extend.Fields.Settings.TextFieldSettingsAttribute::get_MaxLength()
DA:28,0
LF:2
LH:0
BRF:0
BRH:0
FNF:2
FNH:0
end_of_record
SF:/Users/hakan/Proj/piranha.core/core/Piranha/Extend/Blocks/AudioBlock.cs
FN:23,Piranha.Extend.Fields.AudioField Piranha.Extend.Blocks.AudioBlock::get_Body()
FNDA:6,Piranha.Extend.Fields.AudioField Piranha.Extend.Blocks.AudioBlock::get_Body()
DA:24,6
FN:26,System.String Piranha.Extend.Blocks.AudioBlock::GetTitle()
FNDA:2,System.String Piranha.Extend.Blocks.AudioBlock::GetTitle()
DA:27,2
DA:28,2
DA:29,1
DA:30,1
DA:33,1
DA:34,2
BRDA:28,13,0,1
BRDA:28,13,1,1
BRDA:28,34,0,1
BRDA:28,34,1,1
LF:7
LH:7
BRF:4
BRH:4
FNF:2
FNH:2
end_of_record
SF:/Users/hakan/Proj/piranha.core/core/Piranha/Extend/Blocks/ColumnBlock.cs
FN:25,System.String Piranha.Extend.Blocks.ColumnBlock::GetIndexedContent()
FNDA:1,System.String Piranha.Extend.Blocks.ColumnBlock::GetIndexedContent()
DA:26,1
DA:27,1
DA:29,7
DA:30,2
DA:31,2
DA:32,2
DA:33,2
DA:35,2
DA:36,2
DA:37,2
DA:38,2
DA:39,2
DA:40,2
DA:41,1
DA:42,1
BRDA:29,91,1,2
BRDA:31,45,0,2
BRDA:35,70,0,2
BRDA:35,70,1,2
BRDA:31,45,1,2
BRDA:29,91,0,1
LF:15
LH:15
BRF:6
BRH:6
FNF:1
FNH:1
end_of_record
SF:/Users/hakan/Proj/piranha.core/core/Piranha/Extend/Blocks/ContentBlock.cs
FN:23,Piranha.Extend.Fields.ContentField Piranha.Extend.Blocks.ContentBlock::get_Body()
FNDA:0,Piranha.Extend.Fields.ContentField Piranha.Extend.Blocks.ContentBlock::get_Body()
DA:24,0
FN:30,System.String Piranha.Extend.Blocks.ContentBlock::GetTitle()
FNDA:0,System.String Piranha.Extend.Blocks.ContentBlock::GetTitle()
DA:31,0
DA:32,0
DA:33,0
DA:34,0
DA:36,0
DA:37,0
BRDA:32,13,0,0
BRDA:32,13,1,0
BRDA:32,34,0,0
BRDA:32,34,1,0
LF:7
LH:0
BRF:4
BRH:0
FNF:2
FNH:0
end_of_record
SF:/Users/hakan/Proj/piranha.core/core/Piranha/Extend/Blocks/HtmlBlock.cs
FN:24,Piranha.Extend.Fields.HtmlField Piranha.Extend.Blocks.HtmlBlock::get_Body()
FNDA:23,Piranha.Extend.Fields.HtmlField Piranha.Extend.Blocks.HtmlBlock::get_Body()
DA:25,23
FN:31,System.String Piranha.Extend.Blocks.HtmlBlock::GetTitle()
FNDA:3,System.String Piranha.Extend.Blocks.HtmlBlock::GetTitle()
DA:32,3
DA:33,3
DA:34,2
DA:35,2
DA:37,2
DA:38,1
DA:39,1
DA:40,1
DA:41,2
DA:43,1
DA:44,3
BRDA:33,8,0,1
BRDA:33,8,1,2
BRDA:33,24,0,2
BRDA:37,66,0,1
BRDA:37,66,1,2
BRDA:33,24,1,1
FN:49,System.String Piranha.Extend.Blocks.HtmlBlock::GetIndexedContent()
FNDA:3,System.String Piranha.Extend.Blocks.HtmlBlock::GetIndexedContent()
DA:50,3
DA:51,3
DA:52,3
BRDA:51,17,0,0
BRDA:51,17,1,3
FN:58,System.String Piranha.Extend.Blocks.HtmlBlock::op_Implicit(Piranha.Extend.Blocks.HtmlBlock)
FNDA:0,System.String Piranha.Extend.Blocks.HtmlBlock::op_Implicit(Piranha.Extend.Blocks.HtmlBlock)
DA:59,0
DA:60,0
DA:61,0
BRDA:60,8,0,0
BRDA:60,8,1,0
LF:18
LH:15
BRF:10
BRH:7
FNF:4
FNH:3
end_of_record
SF:/Users/hakan/Proj/piranha.core/core/Piranha/Extend/Blocks/HtmlColumnBlock.cs
FN:24,Piranha.Extend.Fields.HtmlField Piranha.Extend.Blocks.HtmlColumnBlock::get_Column1()
FNDA:4,Piranha.Extend.Fields.HtmlField Piranha.Extend.Blocks.HtmlColumnBlock::get_Column1()
DA:25,4
FN:29,Piranha.Extend.Fields.HtmlField Piranha.Extend.Blocks.HtmlColumnBlock::get_Column2()
FNDA:4,Piranha.Extend.Fields.HtmlField Piranha.Extend.Blocks.HtmlColumnBlock::get_Column2()
DA:30,4
FN:35,System.String Piranha.Extend.Blocks.HtmlColumnBlock::GetIndexedContent()
FNDA:1,System.String Piranha.Extend.Blocks.HtmlColumnBlock::GetIndexedContent()
DA:36,1
DA:37,1
DA:40,1
DA:41,1
DA:42,1
DA:43,1
DA:45,1
DA:46,1
DA:47,1
DA:48,1
DA:49,1
DA:50,1
BRDA:40,28,0,1
BRDA:40,28,1,1
BRDA:45,71,0,1
BRDA:45,71,1,1
LF:14
LH:14
BRF:4
BRH:4
FNF:3
FNH:3
end_of_record
SF:/Users/hakan/Proj/piranha.core/core/Piranha/Extend/Blocks/ImageBlock.cs
FN:23,Piranha.Extend.Fields.ImageField Piranha.Extend.Blocks.ImageBlock::get_Body()
FNDA:10,Piranha.Extend.Fields.ImageField Piranha.Extend.Blocks.ImageBlock::get_Body()
DA:24,10
FN:28,Piranha.Extend.Fields.SelectField`1<Piranha.Extend.Blocks.ImageAspect> Piranha.Extend.Blocks.ImageBlock::get_Aspect()
FNDA:6,Piranha.Extend.Fields.SelectField`1<Piranha.Extend.Blocks.ImageAspect> Piranha.Extend.Blocks.ImageBlock::get_Aspect()
DA:29,6
FN:35,System.String Piranha.Extend.Blocks.ImageBlock::GetTitle()
FNDA:2,System.String Piranha.Extend.Blocks.ImageBlock::GetTitle()
DA:36,2
DA:37,2
DA:38,1
DA:39,1
DA:41,1
DA:42,2
BRDA:37,13,0,1
BRDA:37,13,1,1
BRDA:37,34,0,1
BRDA:37,34,1,1
LF:8
LH:8
BRF:4
BRH:4
FNF:3
FNH:3
end_of_record
SF:/Users/hakan/Proj/piranha.core/core/Piranha/Extend/Blocks/MarkdownBlock.cs
FN:24,Piranha.Extend.Fields.MarkdownField Piranha.Extend.Blocks.MarkdownBlock::get_Body()
FNDA:0,Piranha.Extend.Fields.MarkdownField Piranha.Extend.Blocks.MarkdownBlock::get_Body()
DA:25,0
FN:31,System.String Piranha.Extend.Blocks.MarkdownBlock::GetTitle()
FNDA:0,System.String Piranha.Extend.Blocks.MarkdownBlock::GetTitle()
DA:32,0
DA:33,0
DA:34,0
DA:35,0
DA:37,0
DA:39,0
DA:40,0
DA:41,0
DA:42,0
DA:43,0
DA:45,0
DA:46,0
BRDA:33,8,0,0
BRDA:33,8,1,0
BRDA:33,24,0,0
BRDA:39,78,0,0
BRDA:39,78,1,0
BRDA:33,24,1,0
FN:51,System.String Piranha.Extend.Blocks.MarkdownBlock::GetIndexedContent()
FNDA:0,System.String Piranha.Extend.Blocks.MarkdownBlock::GetIndexedContent()
DA:52,0
DA:53,0
DA:54,0
BRDA:53,17,0,0
BRDA:53,17,1,0
FN:60,System.String Piranha.Extend.Blocks.MarkdownBlock::op_Implicit(Piranha.Extend.Blocks.MarkdownBlock)
FNDA:0,System.String Piranha.Extend.Blocks.MarkdownBlock::op_Implicit(Piranha.Extend.Blocks.MarkdownBlock)
DA:61,0
DA:62,0
DA:63,0
BRDA:62,13,0,0
BRDA:62,13,1,0
LF:19
LH:0
BRF:10
BRH:0
FNF:4
FNH:0
end_of_record
SF:/Users/hakan/Proj/piranha.core/core/Piranha/Extend/Blocks/PageBlock.cs
FN:23,Piranha.Extend.Fields.PageField Piranha.Extend.Blocks.PageBlock::get_Body()
FNDA:5,Piranha.Extend.Fields.PageField Piranha.Extend.Blocks.PageBlock::get_Body()
DA:24,5
FN:30,System.String Piranha.Extend.Blocks.PageBlock::GetTitle()
FNDA:2,System.String Piranha.Extend.Blocks.PageBlock::GetTitle()
DA:31,2
DA:32,2
DA:33,1
DA:34,1
DA:36,1
DA:37,2
BRDA:32,13,0,1
BRDA:32,13,1,1
BRDA:32,34,0,1
BRDA:32,34,1,1
LF:7
LH:7
BRF:4
BRH:4
FNF:2
FNH:2
end_of_record
SF:/Users/hakan/Proj/piranha.core/core/Piranha/Extend/Blocks/PostBlock.cs
FN:23,Piranha.Extend.Fields.PostField Piranha.Extend.Blocks.PostBlock::get_Body()
FNDA:5,Piranha.Extend.Fields.PostField Piranha.Extend.Blocks.PostBlock::get_Body()
DA:24,5
FN:30,System.String Piranha.Extend.Blocks.PostBlock::GetTitle()
FNDA:2,System.String Piranha.Extend.Blocks.PostBlock::GetTitle()
DA:31,2
DA:32,2
DA:33,1
DA:34,1
DA:36,1
DA:37,2
BRDA:32,13,0,1
BRDA:32,13,1,1
BRDA:32,34,0,1
BRDA:32,34,1,1
LF:7
LH:7
BRF:4
BRH:4
FNF:2
FNH:2
end_of_record
SF:/Users/hakan/Proj/piranha.core/core/Piranha/Extend/Blocks/QuoteBlock.cs
FN:23,Piranha.Extend.Fields.StringField Piranha.Extend.Blocks.QuoteBlock::get_Author()
FNDA:3,Piranha.Extend.Fields.StringField Piranha.Extend.Blocks.QuoteBlock::get_Author()
DA:24,3
FN:28,Piranha.Extend.Fields.TextField Piranha.Extend.Blocks.QuoteBlock::get_Body()
FNDA:12,Piranha.Extend.Fields.TextField Piranha.Extend.Blocks.QuoteBlock::get_Body()
DA:29,12
FN:35,System.String Piranha.Extend.Blocks.QuoteBlock::GetTitle()
FNDA:2,System.String Piranha.Extend.Blocks.QuoteBlock::GetTitle()
DA:36,2
DA:37,2
DA:38,1
DA:39,1
DA:41,1
DA:42,2
BRDA:37,8,0,1
BRDA:37,8,1,1
BRDA:37,24,0,1
BRDA:37,24,1,1
FN:47,System.String Piranha.Extend.Blocks.QuoteBlock::GetIndexedContent()
FNDA:1,System.String Piranha.Extend.Blocks.QuoteBlock::GetIndexedContent()
DA:48,1
DA:49,1
DA:50,1
BRDA:49,17,0,0
BRDA:49,17,1,1
LF:11
LH:11
BRF:6
BRH:5
FNF:4
FNH:4
end_of_record
SF:/Users/hakan/Proj/piranha.core/core/Piranha/Extend/Blocks/SeparatorBlock.cs
FN:19,System.String Piranha.Extend.Blocks.SeparatorBlock::GetTitle()
FNDA:1,System.String Piranha.Extend.Blocks.SeparatorBlock::GetTitle()
DA:20,1
DA:21,1
DA:22,1
LF:3
LH:3
BRF:0
BRH:0
FNF:1
FNH:1
end_of_record
SF:/Users/hakan/Proj/piranha.core/core/Piranha/Extend/Blocks/TextBlock.cs
FN:23,Piranha.Extend.Fields.TextField Piranha.Extend.Blocks.TextBlock::get_Body()
FNDA:3095,Piranha.Extend.Fields.TextField Piranha.Extend.Blocks.TextBlock::get_Body()
DA:24,3095
FN:30,System.String Piranha.Extend.Blocks.TextBlock::GetTitle()
FNDA:2,System.String Piranha.Extend.Blocks.TextBlock::GetTitle()
DA:31,2
DA:32,2
DA:33,1
DA:34,1
DA:36,1
DA:37,2
BRDA:32,8,0,1
BRDA:32,8,1,1
BRDA:32,24,0,1
BRDA:32,24,1,1
FN:42,System.String Piranha.Extend.Blocks.TextBlock::GetIndexedContent()
FNDA:1,System.String Piranha.Extend.Blocks.TextBlock::GetIndexedContent()
DA:43,1
DA:44,1
DA:45,1
BRDA:44,17,0,0
BRDA:44,17,1,1
FN:51,System.String Piranha.Extend.Blocks.TextBlock::op_Implicit(Piranha.Extend.Blocks.TextBlock)
FNDA:0,System.String Piranha.Extend.Blocks.TextBlock::op_Implicit(Piranha.Extend.Blocks.TextBlock)
DA:52,0
DA:53,0
DA:54,0
BRDA:53,8,0,0
BRDA:53,8,1,0
LF:13
LH:10
BRF:8
BRH:5
FNF:4
FNH:3
end_of_record
SF:/Users/hakan/Proj/piranha.core/core/Piranha/Extend/Blocks/VideoBlock.cs
FN:23,Piranha.Extend.Fields.VideoField Piranha.Extend.Blocks.VideoBlock::get_Body()
FNDA:5,Piranha.Extend.Fields.VideoField Piranha.Extend.Blocks.VideoBlock::get_Body()
DA:24,5
FN:26,System.String Piranha.Extend.Blocks.VideoBlock::GetTitle()
FNDA:2,System.String Piranha.Extend.Blocks.VideoBlock::GetTitle()
DA:27,2
DA:28,2
DA:29,1
DA:30,1
DA:33,1
DA:34,2
BRDA:28,13,0,1
BRDA:28,13,1,1
BRDA:28,34,0,1
BRDA:28,34,1,1
LF:7
LH:7
BRF:4
BRH:4
FNF:2
FNH:2
end_of_record
SF:/Users/hakan/Proj/piranha.core/core/Piranha/Cache/DistributedCache.cs
FN:43,T Piranha.Cache.DistributedCache::Get(System.String)
FNDA:11728,T Piranha.Cache.DistributedCache::Get(System.String)
DA:44,11728
DA:45,11728
DA:47,11728
DA:48,4078
DA:49,4078
DA:51,7650
DA:52,11728
BRDA:47,25,0,4078
BRDA:47,25,1,7650
FN:60,System.Void Piranha.Cache.DistributedCache::Set(System.String,T)
FNDA:7592,System.Void Piranha.Cache.DistributedCache::Set(System.String,T)
DA:61,7592
DA:62,7592
DA:63,7592
FN:69,System.Void Piranha.Cache.DistributedCache::Remove(System.String)
FNDA:27220,System.Void Piranha.Cache.DistributedCache::Remove(System.String)
DA:70,27220
DA:71,27220
DA:72,27220
FN:27,System.Void Piranha.Cache.DistributedCache::.ctor(Microsoft.Extensions.Caching.Distributed.IDistributedCache)
FNDA:218,System.Void Piranha.Cache.DistributedCache::.ctor(Microsoft.Extensions.Caching.Distributed.IDistributedCache)
DA:28,218
DA:29,218
DA:30,218
DA:31,218
DA:32,218
DA:33,218
DA:34,218
DA:35,218
LF:21
LH:21
BRF:2
BRH:2
FNF:4
FNH:4
end_of_record
SF:/Users/hakan/Proj/piranha.core/core/Piranha/Cache/MemoryCache.cs
FN:56,T Piranha.Cache.MemoryCache::Get(System.String)
FNDA:12014,T Piranha.Cache.MemoryCache::Get(System.String)
DA:57,12014
DA:58,12014
DA:59,4650
DA:60,4650
DA:61,4650
DA:62,4650
DA:64,0
DA:66,7364
DA:67,12014
BRDA:58,17,0,4650
BRDA:60,31,0,4650
BRDA:60,31,1,0
BRDA:58,17,1,7364
FN:75,System.Void Piranha.Cache.MemoryCache::Set(System.String,T)
FNDA:7672,System.Void Piranha.Cache.MemoryCache::Set(System.String,T)
DA:76,7672
DA:77,7672
DA:78,7672
FN:84,System.Void Piranha.Cache.MemoryCache::Remove(System.String)
FNDA:27243,System.Void Piranha.Cache.MemoryCache::Remove(System.String)
DA:85,27243
DA:86,27243
DA:87,27243
FN:33,System.Void Piranha.Cache.MemoryCache::.ctor(Microsoft.Extensions.Caching.Memory.IMemoryCache)
FNDA:218,System.Void Piranha.Cache.MemoryCache::.ctor(Microsoft.Extensions.Caching.Memory.IMemoryCache)
DA:34,218
DA:35,218
DA:36,218
DA:37,218
FN:43,System.Void Piranha.Cache.MemoryCache::.ctor(Microsoft.Extensions.Caching.Memory.IMemoryCache,System.Boolean)
FNDA:0,System.Void Piranha.Cache.MemoryCache::.ctor(Microsoft.Extensions.Caching.Memory.IMemoryCache,System.Boolean)
DA:44,0
DA:45,0
DA:46,0
DA:47,0
DA:48,0
LF:24
LH:18
BRF:4
BRH:3
FNF:5
FNH:4
end_of_record
SF:/Users/hakan/Proj/piranha.core/core/Piranha/Cache/SimpleCache.cs
FN:36,T Piranha.Cache.SimpleCache::Get(System.String)
FNDA:3,T Piranha.Cache.SimpleCache::Get(System.String)
DA:37,3
DA:40,3
DA:41,2
DA:42,2
DA:43,0
DA:44,0
DA:46,2
DA:48,1
DA:49,3
BRDA:40,17,0,2
BRDA:42,31,0,0
BRDA:42,31,1,2
BRDA:40,17,1,1
FN:66,System.Void Piranha.Cache.SimpleCache::Set(System.String,T)
FNDA:10,System.Void Piranha.Cache.SimpleCache::Set(System.String,T)
DA:67,10
DA:68,10
DA:69,10
FN:75,System.Void Piranha.Cache.SimpleCache::Remove(System.String)
FNDA:1,System.Void Piranha.Cache.SimpleCache::Remove(System.String)
DA:76,1
DA:77,1
DA:78,1
FN:22,System.Void Piranha.Cache.SimpleCache::.ctor(System.Boolean)
FNDA:4,System.Void Piranha.Cache.SimpleCache::.ctor(System.Boolean)
DA:23,4
DA:55,4
DA:56,4
DA:57,4
DA:58,4
LF:20
LH:18
BRF:4
BRH:3
FNF:4
FNH:4
end_of_record